\BOOKMARK [1][-]{section.1}{\376\377\000W\000e\000e\000k\000\040\0006\000.\0001\000\040\000-\000\040\000T\000r\000a\000n\000s\000p\000o\000r\000t\000\040\000L\000a\000y\000e\000r\000\040\000O\000v\000e\000r\000v\000i\000e\000w}{}% 1
\BOOKMARK [2][-]{subsection.1.1}{\376\377\000W\000h\000e\000r\000e\000\040\000w\000e\000\040\000a\000r\000e\000\040\000i\000n\000\040\000t\000h\000e\000\040\000C\000o\000u\000r\000s\000e}{section.1}% 2
\BOOKMARK [2][-]{subsection.1.2}{\376\377\000R\000e\000c\000a\000l\000l}{section.1}% 3
\BOOKMARK [2][-]{subsection.1.3}{\376\377\000T\000r\000a\000n\000s\000p\000o\000r\000t\000\040\000L\000a\000y\000e\000r\000\040\000S\000e\000r\000v\000i\000c\000e\000s}{section.1}% 4
\BOOKMARK [2][-]{subsection.1.4}{\376\377\000C\000o\000m\000p\000a\000r\000i\000s\000o\000n\000\040\000o\000f\000\040\000I\000n\000t\000e\000r\000n\000e\000t\000\040\000T\000r\000a\000n\000s\000p\000o\000r\000t\000s}{section.1}% 5
\BOOKMARK [2][-]{subsection.1.5}{\376\377\000S\000o\000c\000k\000e\000t\000\040\000A\000P\000I}{section.1}% 6
\BOOKMARK [2][-]{subsection.1.6}{\376\377\000P\000o\000r\000t\000s}{section.1}% 7
\BOOKMARK [2][-]{subsection.1.7}{\376\377\000S\000o\000m\000e\000\040\000W\000e\000l\000l\000-\000K\000n\000o\000w\000n\000\040\000P\000o\000r\000t\000s}{section.1}% 8
\BOOKMARK [2][-]{subsection.1.8}{\376\377\000T\000o\000p\000i\000c\000s}{section.1}% 9
\BOOKMARK [1][-]{section.2}{\376\377\000\040\000W\000e\000e\000k\000\040\0006\000.\0002\000\040\000-\000\040\000U\000s\000e\000r\000\040\000D\000a\000t\000a\000g\000r\000a\000m\000\040\000P\000r\000o\000t\000o\000c\000o\000l\000\040\000\050\000U\000D\000P\000\051\000\040}{}% 10
\BOOKMARK [2][-]{subsection.2.1}{\376\377\000T\000o\000p\000i\000c\000\040\000o\000f\000\040\000U\000D\000P}{section.2}% 11
\BOOKMARK [2][-]{subsection.2.2}{\376\377\000\040\000U\000s\000e\000r\000\040\000D\000a\000t\000a\000g\000r\000a\000m\000\040\000P\000r\000o\000t\000o\000c\000o\000l\000\040\000\050\000U\000D\000P\000\051\000\040}{section.2}% 12
\BOOKMARK [2][-]{subsection.2.3}{\376\377\000\040\000D\000a\000t\000a\000g\000r\000a\000m\000\040\000S\000o\000c\000k\000e\000t\000s\000\040}{section.2}% 13
\BOOKMARK [2][-]{subsection.2.4}{\376\377\000\040\000U\000D\000P\000\040\000B\000u\000f\000f\000e\000r\000i\000n\000g\000\040}{section.2}% 14
\BOOKMARK [2][-]{subsection.2.5}{\376\377\000U\000D\000P\000\040\000H\000e\000a\000d\000e\000r}{section.2}% 15
\BOOKMARK [1][-]{section.3}{\376\377\000\040\000W\000e\000e\000k\000\040\0006\000.\0003\000\040\000-\000\040\000C\000o\000n\000n\000e\000c\000t\000i\000o\000n\000\040\000E\000s\000t\000a\000b\000l\000i\000s\000h\000m\000e\000n\000t\000\040}{}% 16
\BOOKMARK [2][-]{subsection.3.1}{\376\377\000T\000o\000p\000i\000c\000\040\000o\000f\000\040\000C\000o\000n\000n\000e\000c\000t\000i\000o\000n\000\040\000E\000s\000t\000a\000b\000l\000i\000s\000h\000m\000e\000n\000t}{section.3}% 17
\BOOKMARK [2][-]{subsection.3.2}{\376\377\000C\000o\000n\000n\000e\000c\000t\000i\000o\000n\000\040\000E\000s\000t\000a\000b\000l\000i\000s\000h\000m\000e\000n\000t}{section.3}% 18
\BOOKMARK [2][-]{subsection.3.3}{\376\377\000T\000h\000r\000e\000e\000-\000W\000a\000y\000\040\000H\000a\000n\000d\000s\000h\000a\000k\000e}{section.3}% 19
\BOOKMARK [2][-]{subsection.3.4}{\376\377\000T\000C\000P\000\040\000C\000o\000n\000n\000e\000c\000t\000i\000o\000n\000\040\000S\000t\000a\000t\000e\000\040\000M\000a\000c\000h\000i\000n\000e}{section.3}% 20
\BOOKMARK [1][-]{section.4}{\376\377\000\040\000W\000e\000e\000k\000\040\0006\000.\0004\000\040\000-\000\040\000C\000o\000n\000n\000e\000c\000t\000i\000o\000n\000\040\000R\000e\000l\000e\000a\000s\000e\000\040}{}% 21
\BOOKMARK [2][-]{subsection.4.1}{\376\377\000\040\000T\000o\000p\000i\000c\000\040\000o\000f\000\040\000C\000o\000n\000n\000e\000c\000t\000i\000o\000n\000\040\000R\000e\000l\000e\000a\000s\000e\000\040}{section.4}% 22
\BOOKMARK [2][-]{subsection.4.2}{\376\377\000C\000o\000n\000n\000e\000c\000t\000i\000o\000n\000\040\000R\000e\000l\000e\000a\000s\000e}{section.4}% 23
\BOOKMARK [2][-]{subsection.4.3}{\376\377\000T\000C\000P\000\040\000C\000o\000n\000n\000e\000c\000t\000i\000o\000n\000\040\000R\000e\000l\000e\000a\000s\000e}{section.4}% 24
\BOOKMARK [2][-]{subsection.4.4}{\376\377\000T\000C\000P\000\040\000C\000o\000n\000n\000e\000c\000t\000i\000o\000n\000\040\000S\000t\000a\000t\000e\000\040\000M\000a\000c\000h\000i\000n\000e}{section.4}% 25
\BOOKMARK [2][-]{subsection.4.5}{\376\377\000T\000C\000P\000\040\000R\000e\000l\000e\000a\000s\000e}{section.4}% 26
\BOOKMARK [2][-]{subsection.4.6}{\376\377\000T\000I\000M\000E\000\137\000W\000A\000I\000T\000\040\000S\000t\000a\000t\000e}{section.4}% 27
\BOOKMARK [1][-]{section.5}{\376\377\000W\000e\000e\000k\000\040\0006\000.\0005\000\040\000-\000\040\000S\000l\000i\000d\000i\000n\000g\000\040\000W\000i\000n\000d\000o\000w}{}% 28
\BOOKMARK [2][-]{subsection.5.1}{\376\377\000T\000o\000p\000i\000c\000\040\000o\000f\000\040\000S\000l\000i\000d\000i\000n\000g\000\040\000W\000i\000n\000d\000o\000w}{section.5}% 29
\BOOKMARK [2][-]{subsection.5.2}{\376\377\000R\000e\000c\000a\000l\000l}{section.5}% 30
\BOOKMARK [2][-]{subsection.5.3}{\376\377\000L\000i\000m\000i\000t\000a\000t\000i\000o\000n\000\040\000o\000f\000\040\000S\000t\000o\000p\000-\000a\000n\000d\000-\000W\000a\000i\000t}{section.5}% 31
\BOOKMARK [2][-]{subsection.5.4}{\376\377\000S\000l\000i\000d\000i\000n\000g\000\040\000W\000i\000n\000d\000o\000w}{section.5}% 32
\BOOKMARK [2][-]{subsection.5.5}{\376\377\000S\000l\000i\000d\000i\000n\000g\000\040\000W\000i\000n\000d\000o\000w\000\040\000P\000r\000o\000t\000o\000c\000o\000l}{section.5}% 33
\BOOKMARK [2][-]{subsection.5.6}{\376\377\000S\000l\000i\000d\000i\000n\000g\000\040\000W\000i\000n\000d\000o\000w\000\040\000-\000\040\000S\000e\000n\000d\000e\000r}{section.5}% 34
\BOOKMARK [2][-]{subsection.5.7}{\376\377\000S\000l\000i\000d\000i\000n\000g\000\040\000W\000i\000n\000d\000o\000w\000\040\000-\000\040\000G\000o\000-\000B\000a\000c\000k\000-\000N}{section.5}% 35
\BOOKMARK [2][-]{subsection.5.8}{\376\377\000S\000l\000i\000d\000i\000n\000g\000\040\000W\000i\000n\000d\000o\000w\000\040\000-\000\040\000S\000e\000l\000e\000c\000t\000i\000v\000e\000\040\000R\000e\000p\000e\000a\000t}{section.5}% 36
\BOOKMARK [2][-]{subsection.5.9}{\376\377\000S\000l\000i\000d\000i\000n\000g\000\040\000W\000i\000n\000d\000o\000w\000\040\000-\000\040\000R\000e\000t\000r\000a\000n\000s\000m\000i\000s\000s\000i\000o\000n\000s}{section.5}% 37
\BOOKMARK [2][-]{subsection.5.10}{\376\377\000S\000e\000q\000u\000e\000n\000c\000e\000\040\000N\000u\000m\000b\000e\000r\000s}{section.5}% 38
\BOOKMARK [2][-]{subsection.5.11}{\376\377\000S\000e\000q\000u\000e\000n\000c\000e\000\040\000T\000i\000m\000e\000\040\000P\000l\000o\000t}{section.5}% 39
\BOOKMARK [1][-]{section.6}{\376\377\000W\000e\000e\000k\000\040\0006\000.\0006\000\040\000-\000\040\000F\000l\000o\000w\000\040\000C\000o\000n\000t\000r\000o\000l}{}% 40
\BOOKMARK [2][-]{subsection.6.1}{\376\377\000T\000o\000p\000i\000c\000\040\000o\000f\000\040\000F\000l\000o\000w\000\040\000C\000o\000n\000t\000r\000o\000l}{section.6}% 41
\BOOKMARK [2][-]{subsection.6.2}{\376\377\000P\000r\000o\000b\000l\000e\000m}{section.6}% 42
\BOOKMARK [2][-]{subsection.6.3}{\376\377\000S\000l\000i\000d\000i\000n\000g\000\040\000W\000i\000n\000d\000o\000w\000\040\000-\000\040\000R\000e\000c\000e\000i\000v\000e\000r}{section.6}% 43
\BOOKMARK [2][-]{subsection.6.4}{\376\377\000F\000l\000o\000w\000\040\000C\000o\000n\000t\000r\000o\000l}{section.6}% 44
\BOOKMARK [1][-]{section.7}{\376\377\000W\000e\000e\000k\000\040\0006\000.\0007\000\040\000-\000\040\000R\000e\000t\000r\000a\000n\000s\000m\000i\000s\000s\000i\000o\000n\000\040\000T\000i\000m\000e\000o\000u\000t\000s}{}% 45
\BOOKMARK [2][-]{subsection.7.1}{\376\377\000T\000o\000p\000i\000c\000\040\000o\000f\000\040\000R\000e\000t\000r\000a\000n\000s\000m\000i\000s\000s\000i\000o\000n\000\040\000T\000i\000m\000e\000o\000u\000t\000s}{section.7}% 46
\BOOKMARK [2][-]{subsection.7.2}{\376\377\000R\000e\000t\000r\000a\000n\000s\000m\000i\000s\000s\000i\000o\000n\000s}{section.7}% 47
\BOOKMARK [2][-]{subsection.7.3}{\376\377\000T\000i\000m\000e\000o\000u\000t\000\040\000P\000r\000o\000b\000l\000e\000m}{section.7}% 48
\BOOKMARK [2][-]{subsection.7.4}{\376\377\000E\000x\000a\000m\000p\000l\000e\000\040\000o\000f\000\040\000R\000T\000T\000s}{section.7}% 49
\BOOKMARK [2][-]{subsection.7.5}{\376\377\000A\000d\000a\000p\000t\000i\000v\000e\000\040\000T\000i\000m\000e\000o\000u\000t}{section.7}% 50
\BOOKMARK [2][-]{subsection.7.6}{\376\377\000E\000x\000a\000m\000p\000l\000e\000\040\000o\000f\000\040\000A\000d\000a\000p\000t\000i\000v\000e\000\040\000T\000i\000m\000e\000o\000u\000t}{section.7}% 51
\BOOKMARK [1][-]{section.8}{\376\377\000W\000e\000e\000k\000\040\0006\000.\0008\000\040\000-\000\040\000T\000r\000a\000n\000s\000m\000i\000s\000s\000i\000o\000n\000\040\000C\000o\000n\000t\000r\000o\000l\000\040\000P\000r\000o\000t\000o\000c\000o\000\040\000T\000C\000P}{}% 52
\BOOKMARK [2][-]{subsection.8.1}{\376\377\000T\000o\000p\000i\000c\000\040\000o\000f\000\040\000T\000C\000P\000\040}{section.8}% 53
\BOOKMARK [2][-]{subsection.8.2}{\376\377\000T\000C\000P\000\040\000F\000e\000a\000t\000u\000r\000e\000s}{section.8}% 54
\BOOKMARK [2][-]{subsection.8.3}{\376\377\000R\000e\000l\000i\000a\000b\000l\000e\000\040\000B\000y\000t\000e\000s\000t\000r\000e\000a\000m}{section.8}% 55
\BOOKMARK [2][-]{subsection.8.4}{\376\377\000T\000C\000P\000\040\000H\000e\000a\000d\000e\000r\000\040}{section.8}% 56
\BOOKMARK [2][-]{subsection.8.5}{\376\377\000T\000C\000P\000\040\000S\000l\000i\000d\000i\000n\000g\000\040\000W\000i\000n\000d\000o\000w\000\040\000-\000\040\000R\000e\000c\000e\000i\000v\000e\000r}{section.8}% 57
\BOOKMARK [2][-]{subsection.8.6}{\376\377\000T\000C\000P\000\040\000S\000l\000i\000d\000i\000n\000g\000\040\000W\000i\000n\000d\000o\000w\000\040\000-\000\040\000S\000e\000n\000d\000e\000r}{section.8}% 58
\BOOKMARK [2][-]{subsection.8.7}{\376\377\000O\000t\000h\000e\000r\000\040\000T\000C\000P\000\040\000D\000e\000t\000a\000i\000l\000s}{section.8}% 59
\BOOKMARK [1][-]{section.9}{\376\377\000W\000e\000e\000k\000\040\0007\000.\0001\000\040\000-\000\040\000C\000o\000n\000g\000e\000s\000t\000i\000o\000n\000\040\000O\000v\000e\000r\000v\000i\000e\000w}{}% 60
\BOOKMARK [2][-]{subsection.9.1}{\376\377\000W\000h\000e\000r\000e\000\040\000w\000e\000\040\000a\000r\000e\000\040\000i\000n\000\040\000t\000h\000e\000\040\000C\000o\000u\000r\000s\000e}{section.9}% 61
\BOOKMARK [2][-]{subsection.9.2}{\376\377\000T\000o\000p\000i\000c\000\040\000o\000f\000\040\000C\000o\000n\000g\000e\000s\000t\000i\000o\000n\000\040\000O\000v\000e\000r\000v\000i\000e\000w}{section.9}% 62
\BOOKMARK [2][-]{subsection.9.3}{\376\377\000N\000a\000t\000u\000r\000e\000\040\000o\000f\000\040\000C\000o\000n\000g\000e\000s\000t\000i\000o\000n}{section.9}% 63
\BOOKMARK [2][-]{subsection.9.4}{\376\377\000E\000f\000f\000e\000c\000t\000s\000\040\000o\000f\000\040\000C\000o\000n\000g\000e\000s\000t\000i\000o\000n}{section.9}% 64
\BOOKMARK [2][-]{subsection.9.5}{\376\377\000B\000a\000n\000d\000w\000i\000d\000t\000h\000\040\000A\000l\000l\000o\000c\000a\000t\000i\000o\000n}{section.9}% 65
\BOOKMARK [2][-]{subsection.9.6}{\376\377\000T\000o\000p\000i\000c\000s}{section.9}% 66
\BOOKMARK [1][-]{section.10}{\376\377\000W\000e\000e\000k\000\040\0007\000.\0002\000\040\000-\000\040\000F\000a\000i\000r\000n\000e\000s\000s\000\040\000o\000f\000\040\000A\000l\000l\000o\000c\000a\000t\000i\000o\000n\000s}{}% 67
\BOOKMARK [2][-]{subsection.10.1}{\376\377\000T\000o\000p\000i\000c\000\040\000o\000f\000\040\000F\000a\000i\000r\000n\000e\000s\000s\000\040\000o\000f\000\040\000A\000l\000l\000o\000c\000a\000t\000i\000o\000n\000s}{section.10}% 68
\BOOKMARK [2][-]{subsection.10.2}{\376\377\000R\000e\000c\000a\000l\000l}{section.10}% 69
\BOOKMARK [2][-]{subsection.10.3}{\376\377\000E\000f\000f\000i\000c\000i\000e\000n\000c\000y\000\040\000v\000s\000.\000\040\000F\000a\000i\000r\000n\000e\000s\000s}{section.10}% 70
\BOOKMARK [2][-]{subsection.10.4}{\376\377\000T\000h\000e\000\040\000S\000l\000i\000p\000p\000e\000r\000y\000\050\121\111\156\234\156\234\000\051\000\040\000N\000o\000t\000i\000o\000n\000\040\000o\000f\000\040\000F\000a\000i\000r\000n\000e\000s\000s}{section.10}% 71
\BOOKMARK [2][-]{subsection.10.5}{\376\377\000G\000e\000n\000e\000r\000a\000l\000i\000z\000i\000n\000g\000\040\000"\000E\000q\000u\000a\000l\000\040\000p\000e\000r\000\040\000F\000l\000o\000w\000"}{section.10}% 72
\BOOKMARK [2][-]{subsection.10.6}{\376\377\000M\000a\000x\000-\000M\000i\000n\000\040\000F\000a\000i\000r\000n\000e\000s\000s}{section.10}% 73
\BOOKMARK [2][-]{subsection.10.7}{\376\377\000M\000a\000x\000-\000M\000i\000n\000\040\000E\000x\000a\000m\000p\000l\000e}{section.10}% 74
\BOOKMARK [2][-]{subsection.10.8}{\376\377\000A\000d\000a\000p\000t\000i\000n\000g\000\040\000o\000v\000e\000r\000\040\000T\000i\000m\000e}{section.10}% 75
\BOOKMARK [1][-]{section.11}{\376\377\000W\000e\000e\000k\000\040\0007\000.\0003\000\040\000-\000\040\000A\000d\000d\000i\000t\000i\000v\000e\000\040\000I\000n\000c\000r\000e\000a\000s\000e\000\040\000M\000u\000l\000t\000i\000p\000l\000i\000c\000a\000t\000i\000v\000e\000\040\000D\000e\000c\000r\000e\000a\000s\000e\000\040\000\050\000A\000I\000M\000D\000\051}{}% 76
\BOOKMARK [2][-]{subsection.11.1}{\376\377\000T\000o\000p\000i\000c\000\040\000o\000f\000\040\000A\000I\000M\000D}{section.11}% 77
\BOOKMARK [2][-]{subsection.11.2}{\376\377\000R\000e\000c\000a\000l\000l}{section.11}% 78
\BOOKMARK [2][-]{subsection.11.3}{\376\377\000B\000a\000n\000d\000w\000i\000d\000t\000h\000\040\000A\000l\000l\000o\000c\000a\000t\000i\000o\000n\000\040\000M\000o\000d\000e\000l\000s}{section.11}% 79
\BOOKMARK [2][-]{subsection.11.4}{\376\377\000A\000d\000d\000i\000t\000i\000v\000e\000\040\000I\000n\000c\000r\000e\000a\000s\000e\000\040\000m\000u\000l\000t\000i\000p\000l\000i\000c\000a\000t\000i\000v\000e\000\040\000D\000e\000c\000r\000e\000a\000s\000e}{section.11}% 80
\BOOKMARK [2][-]{subsection.11.5}{\376\377\000A\000I\000M\000D\000\040\000G\000a\000m\000e}{section.11}% 81
\BOOKMARK [2][-]{subsection.11.6}{\376\377\000A\000I\000M\000D\000\040\000S\000a\000w\000t\000o\000o\000t\000h}{section.11}% 82
\BOOKMARK [2][-]{subsection.11.7}{\376\377\000A\000I\000M\000D\000\040\000P\000r\000o\000p\000e\000r\000t\000i\000e\000s}{section.11}% 83
\BOOKMARK [2][-]{subsection.11.8}{\376\377\000F\000e\000e\000d\000b\000a\000c\000k\000\040\000S\000i\000g\000n\000a\000l\000s}{section.11}% 84
\BOOKMARK [1][-]{section.12}{\376\377\000W\000e\000e\000k\000\040\0007\000.\0004\000\040\000-\000\040\000H\000i\000s\000t\000o\000r\000y\000\040\000o\000f\000\040\000T\000C\000P\000\040\000C\000o\000n\000g\000e\000s\000t\000i\000o\000n\000\040\000C\000o\000n\000t\000r\000o\000l}{}% 85
\BOOKMARK [2][-]{subsection.12.1}{\376\377\000T\000o\000p\000i\000c\000\040\000o\000f\000\040\000H\000i\000s\000t\000o\000r\000y\000\040\000o\000f\000\040\000T\000C\000P\000\040\000C\000o\000n\000g\000e\000s\000t\000i\000o\000n\000\040\000C\000o\000n\000t\000r\000o\000l}{section.12}% 86
\BOOKMARK [2][-]{subsection.12.2}{\376\377\000C\000o\000n\000g\000e\000s\000t\000i\000o\000n\000\040\000C\000o\000l\000l\000a\000p\000s\000e\000\040\000i\000n\000\040\000t\000h\000e\000\040\0001\0009\0008\0000\000s}{section.12}% 87
\BOOKMARK [2][-]{subsection.12.3}{\376\377\000V\000a\000n\000\040\000J\000a\000c\000o\000b\000s\000o\000n\000\040\000\050\0001\0009\0005\0000\000-\000\051}{section.12}% 88
\BOOKMARK [2][-]{subsection.12.4}{\376\377\000T\000C\000P\000\040\000T\000a\000h\000o\000e\000/\000R\000e\000n\000o}{section.12}% 89
\BOOKMARK [2][-]{subsection.12.5}{\376\377\000T\000C\000P\000\040\000T\000i\000m\000e\000l\000i\000n\000e}{section.12}% 90
\BOOKMARK [1][-]{section.13}{\376\377\000W\000e\000e\000k\000\040\0007\000.\0005\000\040\000-\000\040\000T\000C\000P\000\040\000A\000C\000K\000\040\000C\000l\000o\000c\000k\000i\000n\000g}{}% 91
\BOOKMARK [2][-]{subsection.13.1}{\376\377\000T\000o\000p\000i\000c\000\040\000o\000f\000\040\000T\000C\000P\000\040\000A\000C\000K\000\040\000C\000l\000o\000c\000k\000i\000n\000g}{section.13}% 92
\BOOKMARK [2][-]{subsection.13.2}{\376\377\000S\000l\000i\000d\000i\000n\000g\000\040\000W\000i\000n\000d\000o\000w\000\040\000A\000C\000K\000\040\000C\000l\000o\000c\000k}{section.13}% 93
\BOOKMARK [2][-]{subsection.13.3}{\376\377\000B\000e\000n\000e\000f\000i\000t\000\040\000o\000f\000\040\000A\000C\000K\000\040\000C\000l\000o\000c\000k\000i\000n\000g}{section.13}% 94
\BOOKMARK [2][-]{subsection.13.4}{\376\377\000T\000C\000P\000\040\000U\000s\000e\000s\000\040\000A\000C\000K\000\040\000C\000l\000o\000c\000k\000i\000n\000g}{section.13}% 95
\BOOKMARK [1][-]{section.14}{\376\377\000W\000e\000e\000k\000\040\0007\000.\0006\000\040\000-\000\040\000T\000C\000P\000\040\000S\000l\000o\000w\000\040\000S\000t\000a\000r\000t}{}% 96
\BOOKMARK [2][-]{subsection.14.1}{\376\377\000T\000o\000p\000i\000c\000\040\000o\000f\000\040\000T\000C\000P\000\040\000S\000l\000o\000w\000\040\000S\000t\000a\000r\000t}{section.14}% 97
\BOOKMARK [2][-]{subsection.14.2}{\376\377\000R\000e\000c\000a\000l\000l}{section.14}% 98
\BOOKMARK [2][-]{subsection.14.3}{\376\377\000T\000C\000P\000\040\000S\000t\000a\000r\000t\000u\000p\000\040\000P\000r\000o\000b\000l\000e\000m}{section.14}% 99
\BOOKMARK [2][-]{subsection.14.4}{\376\377\000S\000l\000o\000w\000-\000S\000t\000a\000r\000t\000\040\000S\000o\000l\000u\000t\000i\000o\000n}{section.14}% 100
\BOOKMARK [2][-]{subsection.14.5}{\376\377\000S\000l\000o\000w\000-\000S\000t\000a\000r\000t\000\040\000\050\000D\000o\000u\000b\000l\000i\000n\000g\000\051\000\040\000T\000i\000m\000e\000l\000i\000n\000e}{section.14}% 101
\BOOKMARK [2][-]{subsection.14.6}{\376\377\000A\000d\000d\000i\000t\000i\000v\000e\000\040\000I\000n\000c\000r\000e\000a\000s\000e\000\040\000T\000i\000m\000e\000l\000i\000n\000e}{section.14}% 102
\BOOKMARK [2][-]{subsection.14.7}{\376\377\000T\000C\000P\000\040\000T\000a\000h\000o\000e\000\040\000\050\000I\000m\000p\000l\000e\000m\000e\000n\000t\000a\000t\000i\000o\000n\000\051}{section.14}% 103
\BOOKMARK [2][-]{subsection.14.8}{\376\377\000T\000i\000m\000e\000o\000u\000t\000\040\000M\000i\000s\000f\000o\000r\000t\000u\000n\000e\000s\000\050\116\015\136\170\000\051}{section.14}% 104
\BOOKMARK [1][-]{section.15}{\376\377\000W\000e\000e\000k\000\040\0007\000.\0007\000\040\000-\000\040\000T\000C\000P\000\040\000F\000a\000s\000t\000\040\000R\000e\000t\000r\000a\000n\000s\000m\000i\000t\000\040\000:\000\040\000F\000a\000s\000t\000\040\000R\000e\000c\000o\000v\000e\000r\000y}{}% 105
\BOOKMARK [2][-]{subsection.15.1}{\376\377\000T\000o\000p\000i\000c\000\040\000o\000f\000\040\000T\000C\000P\000\040\000F\000a\000s\000t\000\040\000R\000e\000t\000r\000a\000n\000s\000m\000i\000t\000\040\000:\000\040\000F\000a\000s\000t\000\040\000R\000e\000c\000o\000v\000e\000r\000y\000\040}{section.15}% 106
\BOOKMARK [2][-]{subsection.15.2}{\376\377\000R\000e\000c\000a\000l\000l}{section.15}% 107
\BOOKMARK [2][-]{subsection.15.3}{\376\377\000I\000n\000f\000e\000r\000r\000i\000n\000g\000\050\143\250\145\267\000\051\000\040\000L\000o\000s\000s\000\040\000f\000r\000o\000m\000\040\000A\000C\000K\000s}{section.15}% 108
\BOOKMARK [2][-]{subsection.15.4}{\376\377\000F\000a\000s\000t\000\040\000R\000e\000t\000r\000a\000n\000s\000m\000i\000t}{section.15}% 109
\BOOKMARK [2][-]{subsection.15.5}{\376\377\000I\000n\000f\000e\000r\000r\000i\000n\000g\000\050\143\250\145\267\000\051\000\040\000N\000o\000n\000-\000L\000o\000s\000s\000\040\000f\000r\000o\000m\000\040\000A\000C\000K\000s}{section.15}% 110
\BOOKMARK [2][-]{subsection.15.6}{\376\377\000F\000a\000s\000t\000\040\000R\000e\000c\000o\000v\000e\000r\000y}{section.15}% 111
\BOOKMARK [2][-]{subsection.15.7}{\376\377\000T\000C\000P\000\040\000R\000e\000n\000o\000,\000\040\000N\000e\000w\000R\000e\000n\000o\000,\000\040\000a\000n\000d\000\040\000S\000A\000C\000K}{section.15}% 112
\BOOKMARK [1][-]{section.16}{\376\377\000W\000e\000e\000k\000\040\0007\000.\0008\000\040\000-\000\040\000E\000x\000p\000l\000i\000c\000i\000t\000\040\000C\000o\000n\000g\000e\000s\000t\000i\000o\000n\000\040\000N\000o\000t\000i\000f\000i\000c\000a\000t\000i\000o\000n\000\040\000\050\000E\000C\000N\000\051}{}% 113
\BOOKMARK [2][-]{subsection.16.1}{\376\377\000T\000o\000p\000i\000c\000\040\000o\000f\000\040\000E\000C\000N}{section.16}% 114
\BOOKMARK [2][-]{subsection.16.2}{\376\377\000C\000o\000n\000g\000e\000s\000t\000i\000o\000n\000\040\000A\000v\000o\000i\000d\000a\000n\000c\000e\000\040\000v\000s\000.\000\040\000C\000o\000n\000t\000r\000o\000l}{section.16}% 115
\BOOKMARK [2][-]{subsection.16.3}{\376\377\000F\000e\000e\000d\000b\000a\000c\000k\000\040\000S\000i\000g\000n\000a\000l\000s}{section.16}% 116
\BOOKMARK [2][-]{subsection.16.4}{\376\377\000E\000C\000N\000\040\000\050\000E\000x\000p\000l\000i\000c\000i\000t\000\040\000C\000o\000n\000g\000e\000s\000t\000i\000o\000n\000\040\000N\000o\000t\000i\000f\000i\000c\000a\000t\000i\000o\000n\000\051}{section.16}% 117
\BOOKMARK [1][-]{section.17}{\376\377\000W\000e\000e\000k\000\040\0008\000.\0001\000\040\000-\000\040\000A\000p\000p\000l\000i\000c\000a\000t\000i\000o\000n\000\040\000L\000a\000y\000e\000r\000\040\000O\000v\000e\000r\000v\000i\000e\000w}{}% 118
\BOOKMARK [2][-]{subsection.17.1}{\376\377\000W\000h\000e\000r\000e\000\040\000w\000e\000\040\000a\000r\000e\000\040\000i\000n\000\040\000t\000h\000e\000\040\000C\000o\000u\000r\000s\000e}{section.17}% 119
\BOOKMARK [2][-]{subsection.17.2}{\376\377\000R\000e\000c\000a\000l\000l}{section.17}% 120
\BOOKMARK [2][-]{subsection.17.3}{\376\377\000A\000p\000p\000l\000i\000c\000a\000t\000i\000o\000n\000\040\000C\000o\000m\000m\000u\000n\000i\000c\000a\000t\000i\000o\000n\000\040\000N\000e\000e\000d\000s}{section.17}% 121
\BOOKMARK [2][-]{subsection.17.4}{\376\377\000O\000S\000I\000\040\000S\000e\000s\000s\000i\000o\000n\000/\000P\000r\000e\000s\000e\000n\000t\000a\000t\000i\000o\000n\000\040\000L\000a\000y\000e\000r\000s}{section.17}% 122
\BOOKMARK [2][-]{subsection.17.5}{\376\377\000S\000e\000s\000s\000i\000o\000n\000\040\000C\000o\000n\000c\000e\000p\000t}{section.17}% 123
\BOOKMARK [2][-]{subsection.17.6}{\376\377\000P\000r\000e\000s\000e\000n\000t\000a\000t\000i\000o\000n\000\040\000C\000o\000n\000c\000e\000p\000t}{section.17}% 124
\BOOKMARK [2][-]{subsection.17.7}{\376\377\000E\000v\000o\000l\000u\000t\000i\000o\000n\000\050\157\024\123\026\000\051\000\040\000o\000f\000\040\000I\000n\000t\000e\000r\000n\000e\000t\000\040\000A\000p\000p\000l\000i\000c\000a\000t\000i\000o\000n}{section.17}% 125
\BOOKMARK [2][-]{subsection.17.8}{\376\377\000T\000o\000p\000i\000c\000s}{section.17}% 126
\BOOKMARK [1][-]{section.18}{\376\377\000W\000e\000e\000k\000\040\0008\000.\0002\000\040\000-\000\040\000D\000N\000S\000\040\000P\000a\000r\000t\000\040\0001}{}% 127
\BOOKMARK [2][-]{subsection.18.1}{\376\377\000T\000o\000p\000i\000c\000\040\000o\000f\000\040\000D\000N\000S\000\040\000P\000a\000r\000t\000\040\0001}{section.18}% 128
\BOOKMARK [2][-]{subsection.18.2}{\376\377\000N\000a\000m\000e\000s\000\040\000a\000n\000d\000\040\000A\000d\000d\000r\000e\000s\000s\000e\000s}{section.18}% 129
\BOOKMARK [2][-]{subsection.18.3}{\376\377\000B\000e\000f\000o\000r\000e\000\040\000t\000h\000e\000\040\000D\000N\000S\000\040\000-\000\040\000H\000O\000S\000T\000S\000.\000T\000X\000T}{section.18}% 130
\BOOKMARK [2][-]{subsection.18.4}{\376\377\000D\000N\000S}{section.18}% 131
\BOOKMARK [2][-]{subsection.18.5}{\376\377\000D\000N\000S\000\040\000N\000a\000m\000e\000s\000p\000a\000c\000e}{section.18}% 132
\BOOKMARK [2][-]{subsection.18.6}{\376\377\000T\000L\000D\000s\000\040\000\050\000T\000o\000p\000-\000L\000e\000v\000e\000l\000\040\000D\000o\000m\000a\000i\000n\000s\000\051}{section.18}% 133
\BOOKMARK [2][-]{subsection.18.7}{\376\377\000D\000N\000S\000\040\000Z\000o\000n\000e\000s}{section.18}% 134
\BOOKMARK [2][-]{subsection.18.8}{\376\377\000D\000N\000S\000\040\000R\000e\000s\000o\000u\000r\000c\000e\000\040\000R\000e\000c\000o\000r\000d\000s}{section.18}% 135
\BOOKMARK [1][-]{section.19}{\376\377\000W\000e\000e\000k\000\040\0008\000.\0003\000\040\000-\000\040\000D\000N\000S\000\040\000P\000a\000r\000t\000\040\0002}{}% 136
\BOOKMARK [2][-]{subsection.19.1}{\376\377\000T\000o\000p\000i\000c\000\040\000o\000f\000\040\000D\000N\000S\000\040\000P\000a\000r\000t\000\040\0002\000\040}{section.19}% 137
\BOOKMARK [2][-]{subsection.19.2}{\376\377\000R\000e\000c\000a\000l\000l}{section.19}% 138
\BOOKMARK [2][-]{subsection.19.3}{\376\377\000D\000N\000S\000\040\000R\000e\000s\000o\000l\000u\000t\000i\000o\000n\000\050\211\343\147\220\000\051}{section.19}% 139
\BOOKMARK [2][-]{subsection.19.4}{\376\377\000I\000t\000e\000r\000a\000t\000i\000v\000e\000\040\000v\000s\000.\000\040\000R\000e\000c\000u\000r\000s\000i\000v\000e\000\040\000Q\000u\000e\000r\000i\000e\000s}{section.19}% 140
\BOOKMARK [2][-]{subsection.19.5}{\376\377\000C\000a\000c\000h\000i\000n\000g}{section.19}% 141
\BOOKMARK [2][-]{subsection.19.6}{\376\377\000L\000o\000c\000a\000l\000\040\000N\000a\000m\000e\000s\000e\000r\000v\000e\000r\000s}{section.19}% 142
\BOOKMARK [2][-]{subsection.19.7}{\376\377\000R\000o\000o\000t\000\040\000N\000a\000m\000e\000s\000e\000r\000v\000e\000r\000s}{section.19}% 143
\BOOKMARK [2][-]{subsection.19.8}{\376\377\000D\000N\000S\000\040\000P\000r\000o\000t\000o\000c\000o\000l}{section.19}% 144
\BOOKMARK [1][-]{section.20}{\376\377\000W\000e\000e\000k\000\040\0008\000.\0004\000\040\000-\000\040\000H\000T\000T\000P\000\040\000I\000n\000t\000r\000o\000d\000u\000c\000t\000i\000o\000n}{}% 145
\BOOKMARK [2][-]{subsection.20.1}{\376\377\000T\000o\000p\000i\000c\000\040\000o\000f\000\040\000H\000T\000T\000P\000\040\000I\000n\000t\000r\000o\000d\000u\000c\000t\000i\000o\000n}{section.20}% 146
\BOOKMARK [2][-]{subsection.20.2}{\376\377\000S\000i\000r\000\040\000T\000i\000m\000\040\000B\000e\000r\000n\000e\000r\000s\000-\000L\000e\000e\000\040\000\050\0001\0009\0005\0005\000-\000\051}{section.20}% 147
\BOOKMARK [2][-]{subsection.20.3}{\376\377\000W\000e\000b\000\040\000C\000o\000n\000t\000e\000x\000t}{section.20}% 148
\BOOKMARK [2][-]{subsection.20.4}{\376\377\000H\000T\000T\000P\000\040\000C\000o\000n\000t\000e\000x\000t}{section.20}% 149
\BOOKMARK [2][-]{subsection.20.5}{\376\377\000F\000e\000t\000c\000h\000i\000n\000g\000\040\000a\000\040\000W\000e\000b\000\040\000p\000a\000g\000e\000\040\000w\000i\000t\000h\000\040\000H\000T\000T\000P}{section.20}% 150
\BOOKMARK [2][-]{subsection.20.6}{\376\377\000S\000t\000a\000t\000i\000c\000\040\000v\000s\000\040\000D\000y\000n\000a\000m\000i\000c\000\040\000W\000e\000b\000\040\000p\000a\000g\000e\000s}{section.20}% 151
\BOOKMARK [2][-]{subsection.20.7}{\376\377\000E\000v\000o\000l\000u\000t\000i\000o\000n\000\040\000o\000f\000\040\000H\000T\000T\000P}{section.20}% 152
\BOOKMARK [2][-]{subsection.20.8}{\376\377\000H\000T\000T\000P\000\040\000P\000r\000o\000t\000o\000c\000o\000l}{section.20}% 153
\BOOKMARK [1][-]{section.21}{\376\377\000W\000e\000e\000k\000\040\0008\000.\0005\000\040\000-\000\040\000H\000T\000T\000P\000\040\000P\000e\000r\000f\000o\000r\000m\000a\000n\000c\000e}{}% 154
\BOOKMARK [2][-]{subsection.21.1}{\376\377\000T\000o\000p\000i\000c\000\040\000o\000f\000\040\000H\000T\000T\000P\000\040\000P\000e\000r\000f\000o\000r\000m\000a\000n\000c\000e}{section.21}% 155
\BOOKMARK [2][-]{subsection.21.2}{\376\377\000P\000L\000T\000\040\000\050\000P\000a\000g\000e\000\040\000L\000o\000a\000d\000\040\000T\000i\000m\000e\000\051}{section.21}% 156
\BOOKMARK [2][-]{subsection.21.3}{\376\377\000E\000a\000r\000l\000y\000\040\000p\000e\000r\000f\000o\000r\000m\000a\000n\000c\000e}{section.21}% 157
\BOOKMARK [2][-]{subsection.21.4}{\376\377\000W\000a\000y\000s\000\040\000t\000o\000\040\000D\000e\000c\000r\000e\000a\000s\000e\000\040\000P\000L\000T}{section.21}% 158
\BOOKMARK [2][-]{subsection.21.5}{\376\377\000P\000a\000r\000a\000l\000l\000e\000l\000\040\000C\000o\000n\000n\000e\000c\000t\000i\000o\000n\000s}{section.21}% 159
\BOOKMARK [2][-]{subsection.21.6}{\376\377\000P\000e\000r\000s\000i\000s\000t\000e\000n\000t\000\040\000C\000o\000n\000n\000e\000c\000t\000i\000o\000n\000s}{section.21}% 160
\BOOKMARK [1][-]{section.22}{\376\377\000W\000e\000e\000k\000\040\0008\000.\0006\000\040\000-\000\040\000H\000T\000T\000P\000\040\000C\000a\000c\000h\000i\000n\000g\000\040\000a\000n\000d\000\040\000P\000r\000o\000x\000i\000e\000s}{}% 161
\BOOKMARK [2][-]{subsection.22.1}{\376\377\000T\000o\000p\000i\000c\000\040\000o\000f\000\040\000H\000T\000T\000P\000\040\000C\000a\000c\000h\000i\000n\000g\000\040\000a\000n\000d\000\040\000P\000r\000o\000x\000i\000e\000s}{section.22}% 162
\BOOKMARK [2][-]{subsection.22.2}{\376\377\000W\000e\000b\000\040\000C\000a\000c\000h\000i\000n\000g}{section.22}% 163
\BOOKMARK [2][-]{subsection.22.3}{\376\377\000W\000e\000b\000\040\000P\000r\000o\000x\000i\000e\000s}{section.22}% 164
\BOOKMARK [1][-]{section.23}{\376\377\000W\000e\000e\000k\000\040\0008\000.\0007\000\040\000-\000\040\000C\000o\000n\000t\000e\000n\000t\000\040\000D\000e\000l\000i\000v\000e\000r\000y\000\040\000N\000e\000t\000w\000o\000r\000k\000s\000\040\000\050\000C\000D\000N\000s\000\051}{}% 165
\BOOKMARK [2][-]{subsection.23.1}{\376\377\000T\000o\000p\000i\000c\000\040\000o\000f\000\040\000C\000D\000N\000s}{section.23}% 166
\BOOKMARK [2][-]{subsection.23.2}{\376\377\000C\000o\000n\000t\000e\000x\000t\000\050\200\314\146\157\000\051}{section.23}% 167
\BOOKMARK [2][-]{subsection.23.3}{\376\377\000B\000e\000f\000o\000r\000e\000\040\000C\000D\000N\000s}{section.23}% 168
\BOOKMARK [2][-]{subsection.23.4}{\376\377\000A\000f\000t\000e\000r\000\040\000C\000D\000N\000s}{section.23}% 169
\BOOKMARK [2][-]{subsection.23.5}{\376\377\000P\000o\000p\000u\000l\000a\000r\000i\000t\000y\000\040\000o\000f\000\040\000C\000o\000n\000t\000e\000n\000t}{section.23}% 170
\BOOKMARK [2][-]{subsection.23.6}{\376\377\000H\000o\000w\000\040\000t\000o\000\040\000p\000l\000a\000c\000e\000\040\000c\000o\000n\000t\000e\000n\000t\000\040\000n\000e\000a\000r\000\040\000c\000l\000i\000e\000n\000t\000s\000\040\000?}{section.23}% 171
\BOOKMARK [2][-]{subsection.23.7}{\376\377\000C\000o\000n\000t\000e\000n\000t\000\040\000D\000e\000l\000i\000v\000e\000r\000y\000\040\000N\000e\000t\000w\000o\000r\000k}{section.23}% 172
\BOOKMARK [2][-]{subsection.23.8}{\376\377\000B\000u\000s\000i\000n\000e\000s\000s\000\040\000M\000o\000d\000e\000l}{section.23}% 173
\BOOKMARK [1][-]{section.24}{\376\377\000W\000e\000e\000k\000\040\0008\000.\0008\000\040\000-\000\040\000F\000u\000t\000u\000r\000e\000\040\000o\000f\000\040\000H\000T\000T\000P}{}% 174
\BOOKMARK [2][-]{subsection.24.1}{\376\377\000T\000o\000p\000i\000c\000\040\000o\000f\000\040\000F\000u\000t\000u\000r\000e\000\040\000o\000f\000\040\000H\000T\000T\000P}{section.24}% 175
\BOOKMARK [2][-]{subsection.24.2}{\376\377\000M\000o\000d\000e\000r\000n\000\040\000W\000e\000b\000\040\000p\000a\000g\000e\000s}{section.24}% 176
\BOOKMARK [2][-]{subsection.24.3}{\376\377\000R\000e\000c\000e\000n\000t\000\040\000w\000o\000r\000k\000\040\000t\000o\000\040\000r\000e\000d\000u\000c\000e\000\040\000P\000L\000T}{section.24}% 177
\BOOKMARK [2][-]{subsection.24.4}{\376\377\000S\000P\000D\000Y\000\040\000\050\000"\000s\000p\000e\000e\000d\000y\000"\000\050\137\353\220\037\166\204\000\051}{section.24}% 178
\BOOKMARK [2][-]{subsection.24.5}{\376\377\000m\000o\000d\000\137\000p\000a\000g\000e\000s\000p\000e\000e\000d}{section.24}% 179
\BOOKMARK [1][-]{section.25}{\376\377\000W\000e\000e\000k\000\040\0008\000.\0009\000\040\000-\000\040\000P\000e\000e\000r\000\040\000t\000o\000\040\000P\000e\000e\000r\000\040\000C\000o\000n\000t\000e\000n\000t\000\040\000D\000e\000l\000i\000v\000e\000r\000y\000\040\000B\000i\000t\000T\000o\000r\000r\000e\000n\000t}{}% 180
\BOOKMARK [2][-]{subsection.25.1}{\376\377\000T\000o\000p\000i\000c\000\040\000o\000f\000\040\000P\0002\000P\000\040\000c\000o\000n\000t\000e\000n\000t\000\040\000D\000e\000l\000i\000v\000e\000r\000y}{section.25}% 181
\BOOKMARK [2][-]{subsection.25.2}{\376\377\000C\000o\000n\000t\000e\000x\000t}{section.25}% 182
\BOOKMARK [2][-]{subsection.25.3}{\376\377\000P\0002\000P\000\040\000\050\000P\000e\000e\000r\000-\000t\000o\000-\000P\000e\000e\000r\000\051}{section.25}% 183
\BOOKMARK [2][-]{subsection.25.4}{\376\377\000P\0002\000P\000\040\000C\000h\000a\000l\000l\000e\000n\000g\000e\000s}{section.25}% 184
\BOOKMARK [2][-]{subsection.25.5}{\376\377\000O\000v\000e\000r\000c\000o\000m\000i\000n\000g\000\050\145\073\121\113\000\051\000\040\000L\000i\000m\000i\000t\000e\000d\000\040\000C\000a\000p\000a\000b\000i\000l\000i\000t\000i\000e\000s}{section.25}% 185
\BOOKMARK [2][-]{subsection.25.6}{\376\377\000P\000r\000o\000v\000i\000d\000i\000n\000g\000\040\000P\000a\000r\000t\000i\000c\000i\000p\000a\000t\000i\000o\000n\000\040\000I\000n\000c\000e\000n\000t\000i\000v\000e\000s\000\050\157\300\122\365\000\051}{section.25}% 186
\BOOKMARK [2][-]{subsection.25.7}{\376\377\000E\000n\000a\000b\000l\000i\000n\000g\000\040\000D\000e\000c\000e\000n\000t\000r\000a\000l\000i\000z\000a\000t\000i\000o\000n}{section.25}% 187
\BOOKMARK [2][-]{subsection.25.8}{\376\377\000B\000i\000t\000T\000o\000r\000r\000e\000n\000t}{section.25}% 188
\BOOKMARK [2][-]{subsection.25.9}{\376\377\000B\000i\000t\000T\000o\000r\000r\000e\000n\000t\000\040\000P\000r\000o\000t\000o\000c\000o\000l}{section.25}% 189
\BOOKMARK [2][-]{subsection.25.10}{\376\377\000P\0002\000P\000\040\000O\000u\000t\000l\000o\000o\000k\000\050\134\125\147\033\000\051}{section.25}% 190
\BOOKMARK [1][-]{section.26}{\376\377\000W\000e\000e\000k\000\040\0009\000.\0001\000\040\000-\000\040\000Q\000u\000a\000l\000i\000t\000y\000\040\000o\000f\000\040\000S\000e\000r\000v\000i\000c\000e\000\040\000O\000v\000e\000r\000v\000i\000e\000w}{}% 191
\BOOKMARK [2][-]{subsection.26.1}{\376\377\000W\000h\000e\000r\000e\000\040\000w\000e\000\040\000a\000r\000e\000\040\000i\000n\000\040\000t\000h\000e\000\040\000C\000o\000u\000r\000s\000e}{section.26}% 192
\BOOKMARK [2][-]{subsection.26.2}{\376\377\000T\000o\000p\000i\000c\000\040\000o\000f\000\040\000Q\000O\000S}{section.26}% 193
\BOOKMARK [2][-]{subsection.26.3}{\376\377\000"\000B\000e\000s\000t\000\040\000E\000f\000f\000o\000r\000t\000"\000\050\147\000\131\047\122\252\122\233\000\051\000\040\000S\000e\000r\000v\000i\000c\000e}{section.26}% 194
\BOOKMARK [2][-]{subsection.26.4}{\376\377\000Q\000O\000S\000\040\000M\000o\000t\000i\000v\000a\000t\000i\000o\000n}{section.26}% 195
\BOOKMARK [2][-]{subsection.26.5}{\376\377\000E\000x\000a\000m\000p\000l\000e\000\040\000-\000\040\000S\000k\000y\000p\000e\000\040\000a\000n\000d\000\040\000B\000i\000t\000T\000o\000r\000r\000e\000n\000t}{section.26}% 196
\BOOKMARK [2][-]{subsection.26.6}{\376\377\000Q\000u\000a\000l\000i\000t\000y\000\040\000o\000f\000\040\000S\000e\000r\000v\000i\000c\000e}{section.26}% 197
\BOOKMARK [2][-]{subsection.26.7}{\376\377\000A\000p\000p\000l\000i\000c\000a\000t\000i\000o\000n\000\040\000R\000e\000q\000u\000i\000r\000e\000m\000e\000n\000t\000s}{section.26}% 198
\BOOKMARK [2][-]{subsection.26.8}{\376\377\000O\000v\000e\000r\000-\000P\000r\000o\000v\000i\000s\000i\000o\000n\000i\000n\000g\000\050\230\204\165\131\172\172\225\364\217\307\131\047\000\051}{section.26}% 199
\BOOKMARK [2][-]{subsection.26.9}{\376\377\000T\000o\000p\000i\000c\000s}{section.26}% 200
\BOOKMARK [1][-]{section.27}{\376\377\000W\000e\000e\000k\000\040\0009\000.\0002\000\040\000-\000\040\000R\000e\000a\000l\000\040\000T\000i\000m\000e\000\040\000T\000r\000a\000n\000s\000p\000o\000r\000t}{}% 201
\BOOKMARK [2][-]{subsection.27.1}{\376\377\000T\000o\000p\000i\000c\000\040\000o\000f\000\040\000R\000e\000a\000l\000\040\000T\000i\000m\000e\000\040\000T\000r\000a\000n\000s\000p\000o\000r\000t}{section.27}% 202
\BOOKMARK [2][-]{subsection.27.2}{\376\377\000C\000h\000a\000l\000l\000e\000n\000g\000e\000\040\000-\000\040\000N\000e\000t\000w\000o\000r\000k\000\040\000D\000e\000l\000a\000y}{section.27}% 203
\BOOKMARK [2][-]{subsection.27.3}{\376\377\000P\000l\000a\000y\000o\000u\000t}{section.27}% 204
\BOOKMARK [2][-]{subsection.27.4}{\376\377\000P\000l\000a\000y\000o\000u\000t\000\040\000B\000u\000f\000f\000e\000r}{section.27}% 205
\BOOKMARK [2][-]{subsection.27.5}{\376\377\000C\000o\000m\000p\000o\000n\000e\000n\000t\000s\000\040\000o\000f\000\040\000a\000\040\000R\000e\000a\000l\000-\000T\000i\000m\000e\000\040\000S\000e\000s\000s\000i\000o\000n}{section.27}% 206
\BOOKMARK [2][-]{subsection.27.6}{\376\377\000R\000T\000P\000\040\000\050\000R\000e\000a\000l\000-\000t\000i\000m\000e\000\040\000T\000r\000a\000n\000s\000p\000o\000r\000t\000\040\000P\000r\000o\000t\000o\000c\000o\000l\000\051}{section.27}% 207
\BOOKMARK [2][-]{subsection.27.7}{\376\377\000S\000I\000P\000\040\000\050\000S\000e\000s\000s\000i\000o\000n\000\040\000I\000n\000i\000t\000i\000a\000t\000i\000o\000n\000\040\000P\000r\000o\000t\000o\000c\000o\000l\000\051}{section.27}% 208
\BOOKMARK [2][-]{subsection.27.8}{\376\377\000S\000I\000P\000\040\000S\000i\000n\000g\000a\000l\000i\000n\000g}{section.27}% 209
\BOOKMARK [1][-]{section.28}{\376\377\000W\000e\000e\000k\000\040\0009\000.\0003\000\040\000-\000\040\000S\000t\000r\000e\000a\000m\000i\000n\000g\000\040\000M\000e\000d\000i\000a}{}% 210
\BOOKMARK [2][-]{subsection.28.1}{\376\377\000T\000o\000p\000i\000c\000\040\000o\000f\000\040\000S\000t\000r\000e\000a\000m\000i\000n\000g\000\040\000M\000e\000d\000i\000a}{section.28}% 211
\BOOKMARK [2][-]{subsection.28.2}{\376\377\000S\000t\000r\000e\000a\000m\000e\000d\000\040\000v\000s\000.\000\040\000I\000n\000t\000e\000r\000a\000c\000t\000i\000v\000e\000\040\000M\000e\000d\000i\000a}{section.28}% 212
\BOOKMARK [2][-]{subsection.28.3}{\376\377\000H\000a\000n\000d\000l\000i\000n\000g\000\040\000J\000i\000t\000t\000e\000r}{section.28}% 213
\BOOKMARK [2][-]{subsection.28.4}{\376\377\000H\000a\000n\000d\000l\000i\000n\000g\000\040\000B\000a\000n\000d\000w\000i\000d\000t\000h}{section.28}% 214
\BOOKMARK [2][-]{subsection.28.5}{\376\377\000S\000t\000r\000e\000a\000m\000i\000n\000g\000\040\000o\000v\000e\000r\000\040\000T\000C\000P\000\040\000o\000r\000\040\000U\000D\000P\000\040\000?}{section.28}% 215
\BOOKMARK [2][-]{subsection.28.6}{\376\377\000C\000o\000m\000p\000o\000n\000e\000n\000t\000s\000\040\000o\000f\000\040\000S\000t\000r\000e\000a\000m\000i\000n\000g\000\040\000M\000e\000d\000i\000a}{section.28}% 216
\BOOKMARK [2][-]{subsection.28.7}{\376\377\000S\000t\000r\000e\000a\000m\000i\000n\000g\000\040\000w\000i\000t\000h\000\040\000R\000T\000S\000P}{section.28}% 217
\BOOKMARK [2][-]{subsection.28.8}{\376\377\000S\000t\000r\000e\000a\000m\000i\000n\000g\000\040\000w\000i\000t\000h\000\040\000H\000T\000T\000P}{section.28}% 218
\BOOKMARK [1][-]{section.29}{\376\377\000W\000e\000e\000k\000\040\0009\000.\0004\000\040\000-\000\040\000F\000a\000i\000r\000\040\000Q\000u\000e\000u\000i\000n\000g}{}% 219
\BOOKMARK [2][-]{subsection.29.1}{\376\377\000T\000o\000p\000i\000c\000\040\000o\000f\000\040\000F\000a\000i\000r\000\040\000Q\000u\000e\000u\000i\000n\000g}{section.29}% 220
\BOOKMARK [2][-]{subsection.29.2}{\376\377\000S\000h\000a\000r\000i\000n\000g\000\040\000w\000i\000t\000h\000\040\000F\000I\000F\000O\000\040\000Q\000u\000e\000u\000i\000n\000g}{section.29}% 221
\BOOKMARK [2][-]{subsection.29.3}{\376\377\000R\000o\000u\000n\000d\000-\000R\000o\000b\000i\000n\000\040\000Q\000u\000e\000u\000i\000n\000g}{section.29}% 222
\BOOKMARK [2][-]{subsection.29.4}{\376\377\000F\000a\000i\000r\000\040\000Q\000u\000e\000u\000i\000n\000g}{section.29}% 223
\BOOKMARK [2][-]{subsection.29.5}{\376\377\000W\000F\000Q\000\040\000\050\000W\000e\000i\000g\000h\000t\000e\000d\000\040\000F\000a\000i\000r\000\040\000Q\000u\000e\000u\000i\000n\000g\000\051}{section.29}% 224
\BOOKMARK [2][-]{subsection.29.6}{\376\377\000U\000s\000i\000n\000g\000\040\000W\000F\000Q}{section.29}% 225
\BOOKMARK [1][-]{section.30}{\376\377\000W\000e\000e\000k\000\040\0009\000.\0005\000\040\000-\000\040\000T\000r\000a\000f\000f\000i\000c\000\040\000S\000h\000a\000p\000i\000n\000g}{}% 226
\BOOKMARK [2][-]{subsection.30.1}{\376\377\000T\000o\000p\000i\000c\000\040\000o\000f\000\040\000T\000r\000a\000f\000f\000i\000c\000\040\000S\000h\000a\000p\000i\000n\000g}{section.30}% 227
\BOOKMARK [2][-]{subsection.30.2}{\376\377\000M\000o\000t\000i\000v\000a\000t\000i\000o\000n}{section.30}% 228
\BOOKMARK [2][-]{subsection.30.3}{\376\377\000T\000o\000k\000e\000n\000\040\000B\000u\000c\000k\000e\000t}{section.30}% 229
\BOOKMARK [2][-]{subsection.30.4}{\376\377\000S\000h\000a\000p\000i\000n\000g\000\040\000v\000s\000.\000\040\000P\000o\000l\000i\000c\000i\000n\000g\000\050\166\343\167\143\000\051}{section.30}% 230
\BOOKMARK [2][-]{subsection.30.5}{\376\377\000U\000s\000a\000g\000e\000\040\000f\000o\000r\000\040\000Q\000O\000S}{section.30}% 231
\BOOKMARK [1][-]{section.31}{\376\377\000W\000e\000e\000k\000\040\0009\000.\0006\000\040\000-\000\040\000D\000i\000f\000f\000e\000r\000e\000n\000t\000i\000a\000t\000e\000d\000\040\000S\000e\000r\000v\000i\000c\000e\000s}{}% 232
\BOOKMARK [2][-]{subsection.31.1}{\376\377\000T\000o\000p\000i\000c\000\040\000o\000f\000\040\000D\000i\000f\000f\000e\000r\000e\000n\000t\000i\000a\000t\000e\000d\000\040\000S\000e\000r\000v\000i\000c\000e\000s}{section.31}% 233
\BOOKMARK [2][-]{subsection.31.2}{\376\377\000M\000o\000t\000i\000v\000a\000t\000i\000o\000n}{section.31}% 234
\BOOKMARK [2][-]{subsection.31.3}{\376\377\000D\000i\000f\000f\000e\000r\000e\000n\000t\000i\000a\000t\000e\000d\000\040\000S\000e\000r\000v\000i\000c\000e\000s}{section.31}% 235
\BOOKMARK [2][-]{subsection.31.4}{\376\377\000b\000l\000u\000e\000\040\0001\000.\000\040\000M\000a\000r\000k\000i\000n\000g\000\040\000p\000a\000c\000k\000e\000t\000s}{section.31}% 236
\BOOKMARK [2][-]{subsection.31.5}{\376\377\000b\000l\000u\000e\000\040\0002\000.\000\040\000P\000o\000l\000i\000c\000i\000n\000g\000\040\000p\000a\000c\000k\000e\000t\000s}{section.31}% 237
\BOOKMARK [2][-]{subsection.31.6}{\376\377\000b\000l\000u\000e\000\040\0003\000.\000\040\000F\000o\000r\000w\000a\000r\000d\000i\000n\000g\000\040\000p\000a\000c\000k\000e\000t\000s}{section.31}% 238
\BOOKMARK [2][-]{subsection.31.7}{\376\377\000D\000e\000p\000l\000o\000y\000m\000e\000n\000t}{section.31}% 239
\BOOKMARK [1][-]{section.32}{\376\377\000W\000e\000e\000k\000\040\0009\000.\0007\000\040\000-\000\040\000R\000a\000t\000e\000\040\000a\000n\000d\000\040\000D\000e\000l\000a\000y\000\040\000G\000u\000a\000r\000a\000n\000t\000e\000e\000s}{}% 240
\BOOKMARK [2][-]{subsection.32.1}{\376\377\000T\000o\000p\000i\000c\000\040\000o\000f\000\040\000R\000a\000t\000e\000\040\000a\000n\000d\000\040\000D\000e\000l\000a\000y\000\040\000G\000u\000a\000r\000a\000n\000t\000e\000e\000s}{section.32}% 241
\BOOKMARK [2][-]{subsection.32.2}{\376\377\000M\000o\000t\000i\000v\000a\000t\000i\000o\000n}{section.32}% 242
\BOOKMARK [2][-]{subsection.32.3}{\376\377\000A\000d\000m\000i\000s\000s\000i\000o\000n\000\050\121\306\212\061\220\062\121\145\000\051\000\040\000C\000o\000n\000t\000r\000o\000l}{section.32}% 243
\BOOKMARK [2][-]{subsection.32.4}{\376\377\000R\000o\000u\000t\000e\000r\000\040\000R\000a\000t\000e\000\040\000G\000u\000a\000r\000a\000n\000t\000e\000e}{section.32}% 244
\BOOKMARK [2][-]{subsection.32.5}{\376\377\000N\000e\000t\000w\000o\000r\000k\000\040\000R\000a\000t\000e\000\040\000G\000u\000a\000r\000a\000n\000t\000e\000e}{section.32}% 245
\BOOKMARK [2][-]{subsection.32.6}{\376\377\000D\000e\000l\000a\000y\000\040\000G\000u\000a\000r\000a\000n\000t\000e\000e}{section.32}% 246
\BOOKMARK [2][-]{subsection.32.7}{\376\377\000R\000o\000u\000t\000e\000r\000\040\000D\000e\000l\000a\000y\000\040\000G\000u\000a\000r\000a\000n\000t\000e\000e}{section.32}% 247
\BOOKMARK [2][-]{subsection.32.8}{\376\377\000N\000e\000t\000w\000o\000r\000k\000\040\000D\000e\000l\000a\000y\000\040\000G\000u\000a\000r\000a\000n\000t\000e\000e}{section.32}% 248
\BOOKMARK [2][-]{subsection.32.9}{\376\377\000R\000a\000t\000e\000/\000D\000e\000l\000a\000y\000\040\000G\000u\000a\000r\000a\000n\000t\000e\000e}{section.32}% 249
\BOOKMARK [1][-]{section.33}{\376\377\000W\000e\000e\000k\000\040\0001\0000\000.\0001\000\040\000-\000\040\000N\000e\000t\000w\000o\000r\000k\000\040\000S\000e\000c\000u\000r\000i\000t\000y\000\040\000O\000v\000e\000r\000v\000i\000e\000w}{}% 250
\BOOKMARK [2][-]{subsection.33.1}{\376\377\000W\000h\000e\000r\000e\000\040\000w\000e\000\040\000a\000r\000e\000\040\000i\000n\000\040\000t\000h\000e\000\040\000C\000o\000u\000r\000s\000e}{section.33}% 251
\BOOKMARK [2][-]{subsection.33.2}{\376\377\000T\000o\000p\000i\000c\000\040\000o\000f\000\040\000N\000e\000t\000w\000o\000r\000k\000\040\000S\000e\000c\000u\000r\000i\000t\000y\000\040\000O\000v\000e\000r\000v\000i\000e\000w}{section.33}% 252
\BOOKMARK [2][-]{subsection.33.3}{\376\377\000S\000e\000c\000u\000r\000i\000t\000y\000\040\000T\000h\000r\000e\000a\000t\000s}{section.33}% 253
\BOOKMARK [2][-]{subsection.33.4}{\376\377\000R\000i\000s\000k\000\040\000M\000a\000n\000a\000g\000e\000m\000e\000n\000t}{section.33}% 254
\BOOKMARK [2][-]{subsection.33.5}{\376\377\000C\000r\000y\000p\000t\000o\000l\000o\000g\000y}{section.33}% 255
\BOOKMARK [2][-]{subsection.33.6}{\376\377\000U\000s\000e\000s\000\040\000o\000f\000\040\000c\000r\000y\000p\000t\000o\000g\000r\000a\000p\000h\000y}{section.33}% 256
\BOOKMARK [2][-]{subsection.33.7}{\376\377\000I\000n\000t\000e\000r\000n\000e\000t\000\040\000R\000e\000a\000l\000i\000t\000y}{section.33}% 257
\BOOKMARK [2][-]{subsection.33.8}{\376\377\000T\000o\000p\000i\000c\000s}{section.33}% 258
\BOOKMARK [1][-]{section.34}{\376\377\000W\000e\000e\000k\000\040\0001\0000\000.\0002\000\040\000-\000\040\000M\000e\000s\000s\000a\000g\000e\000\040\000C\000o\000n\000f\000i\000d\000e\000n\000t\000i\000a\000l\000i\000t\000y\000\050\117\335\133\306\000\051}{}% 259
\BOOKMARK [2][-]{subsection.34.1}{\376\377\000T\000o\000p\000i\000c\000\040\000o\000f\000\040\000M\000e\000s\000s\000a\000g\000e\000\040\000C\000o\000n\000f\000i\000d\000e\000n\000t\000i\000a\000l\000i\000t\000y\000\050\117\335\133\306\000\051}{section.34}% 260
\BOOKMARK [2][-]{subsection.34.2}{\376\377\000G\000o\000a\000l\000\040\000a\000n\000d\000\040\000T\000h\000r\000e\000a\000t\000\040\000M\000o\000d\000e\000l}{section.34}% 261
\BOOKMARK [2][-]{subsection.34.3}{\376\377\000E\000n\000c\000r\000y\000p\000t\000i\000o\000n\000/\000D\000e\000c\000r\000y\000p\000t\000i\000o\000n\000\040\000M\000o\000d\000e\000l}{section.34}% 262
\BOOKMARK [2][-]{subsection.34.4}{\376\377\000S\000y\000m\000m\000e\000t\000r\000i\000c\000\040\000\050\000S\000e\000c\000r\000e\000t\000\040\000k\000e\000y\000\051\000\040\000E\000n\000c\000r\000y\000p\000t\000i\000o\000n}{section.34}% 263
\BOOKMARK [2][-]{subsection.34.5}{\376\377\000P\000u\000b\000l\000i\000c\000\040\000K\000e\000y\000\040\000\050\000A\000s\000y\000m\000m\000e\000t\000r\000i\000c\000\051\000\040\000E\000n\000c\000r\000y\000p\000t\000i\000o\000n}{section.34}% 264
\BOOKMARK [2][-]{subsection.34.6}{\376\377\000K\000e\000y\000\040\000D\000i\000s\000t\000r\000i\000b\000u\000t\000i\000o\000n}{section.34}% 265
\BOOKMARK [2][-]{subsection.34.7}{\376\377\000S\000y\000m\000m\000e\000t\000r\000i\000c\000\040\000v\000s\000.\000\040\000P\000u\000b\000l\000i\000c\000\040\000K\000e\000y}{section.34}% 266
\BOOKMARK [2][-]{subsection.34.8}{\376\377\000W\000i\000n\000n\000i\000n\000g\000\040\000C\000o\000m\000b\000i\000n\000a\000t\000i\000o\000n}{section.34}% 267
\BOOKMARK [1][-]{section.35}{\376\377\000W\000e\000e\000k\000\040\0001\0000\000.\0003\000\040\000-\000\040\000M\000e\000s\000s\000a\000g\000e\000\040\000A\000u\000t\000h\000e\000n\000t\000i\000c\000a\000t\000i\000o\000n\000\050\213\244\213\301\145\271\137\017\000\051}{}% 268
\BOOKMARK [2][-]{subsection.35.1}{\376\377\000T\000o\000p\000i\000c\000\040\000o\000f\000\040\000M\000e\000s\000s\000a\000g\000e\000\040\000A\000u\000t\000h\000e\000n\000t\000i\000c\000a\000t\000i\000o\000n}{section.35}% 269
\BOOKMARK [2][-]{subsection.35.2}{\376\377\000G\000o\000a\000l\000\040\000a\000n\000d\000\040\000T\000h\000r\000e\000a\000t\000\040\000M\000o\000d\000e\000l}{section.35}% 270
\BOOKMARK [2][-]{subsection.35.3}{\376\377\000E\000n\000c\000r\000y\000p\000t\000i\000o\000n\000\040\000I\000s\000s\000u\000e\000s}{section.35}% 271
\BOOKMARK [2][-]{subsection.35.4}{\376\377\000M\000A\000C\000\040\000\050\000M\000e\000s\000s\000a\000g\000e\000\040\000A\000u\000t\000h\000e\000n\000t\000i\000c\000a\000t\000i\000o\000n\000\040\000C\000o\000d\000e\000\051}{section.35}% 272
\BOOKMARK [2][-]{subsection.35.5}{\376\377\000D\000i\000g\000i\000t\000a\000l\000\040\000S\000i\000g\000n\000a\000t\000u\000r\000e}{section.35}% 273
\BOOKMARK [2][-]{subsection.35.6}{\376\377\000M\000e\000s\000s\000a\000g\000e\000\040\000D\000i\000g\000e\000s\000t\000\040\000o\000r\000\040\000C\000r\000y\000p\000t\000o\000g\000r\000a\000p\000h\000i\000c\000\040\000H\000a\000s\000h}{section.35}% 274
\BOOKMARK [2][-]{subsection.35.7}{\376\377\000S\000p\000e\000e\000d\000i\000n\000g\000\040\000u\000p\000\040\000S\000i\000g\000n\000a\000t\000u\000r\000e\000s}{section.35}% 275
\BOOKMARK [2][-]{subsection.35.8}{\376\377\000P\000r\000e\000v\000e\000n\000t\000i\000n\000g\000\050\230\204\226\062\000\051\000\040\000R\000e\000p\000l\000a\000y\000s}{section.35}% 276
\BOOKMARK [2][-]{subsection.35.9}{\376\377\000T\000a\000k\000e\000a\000w\000a\000y\000\050\136\046\215\160\000\051}{section.35}% 277
\BOOKMARK [1][-]{section.36}{\376\377\000W\000e\000e\000k\000\040\0001\0000\000.\0004\000\040\000-\000\040\000W\000i\000r\000e\000l\000e\000s\000s\000\040\000S\000e\000c\000u\000r\000i\000t\000y}{}% 278
\BOOKMARK [2][-]{subsection.36.1}{\376\377\000T\000o\000p\000i\000c\000\040\000o\000f\000\040\000W\000i\000r\000e\000l\000e\000s\000s\000\040\000S\000e\000c\000u\000r\000i\000t\000y}{section.36}% 279
\BOOKMARK [2][-]{subsection.36.2}{\376\377\000G\000o\000a\000l\000\040\000a\000n\000d\000\040\000T\000h\000r\000e\000a\000t\000\040\000M\000o\000d\000e\000l}{section.36}% 280
\BOOKMARK [2][-]{subsection.36.3}{\376\377\0008\0000\0002\000.\0001\0001\000\040\000S\000e\000c\000u\000r\000i\000t\000y}{section.36}% 281
\BOOKMARK [2][-]{subsection.36.4}{\376\377\000H\000o\000m\000e\000\040\000N\000e\000t\000w\000o\000r\000k}{section.36}% 282
\BOOKMARK [2][-]{subsection.36.5}{\376\377\000E\000n\000t\000e\000r\000p\000r\000i\000s\000e\000\040\000N\000e\000t\000w\000o\000r\000k}{section.36}% 283
\BOOKMARK [1][-]{section.37}{\376\377\000W\000e\000e\000k\000\040\0001\0000\000.\0005\000\040\000-\000\040\000W\000e\000b\000\040\000S\000e\000c\000u\000r\000i\000t\000y}{}% 284
\BOOKMARK [2][-]{subsection.37.1}{\376\377\000T\000o\000p\000i\000c\000\040\000o\000f\000\040\000W\000e\000b\000\040\000S\000e\000c\000u\000r\000i\000t\000y}{section.37}% 285
\BOOKMARK [2][-]{subsection.37.2}{\376\377\000G\000o\000a\000l\000\040\000a\000n\000d\000\040\000T\000h\000r\000e\000a\000t\000\040\000M\000o\000d\000e\000l}{section.37}% 286
\BOOKMARK [2][-]{subsection.37.3}{\376\377\000H\000T\000T\000P\000S\000\040\000C\000o\000n\000t\000e\000x\000t}{section.37}% 287
\BOOKMARK [2][-]{subsection.37.4}{\376\377\000S\000S\000L\000\040\000O\000p\000e\000r\000a\000t\000i\000o\000n}{section.37}% 288
\BOOKMARK [2][-]{subsection.37.5}{\376\377\000S\000S\000L\000/\000T\000L\000S\000\040\000A\000u\000t\000h\000e\000n\000t\000i\000c\000a\000t\000i\000o\000n\000\050\216\253\116\375\232\214\213\301\000\051}{section.37}% 289
\BOOKMARK [2][-]{subsection.37.6}{\376\377\000C\000e\000r\000t\000i\000f\000i\000c\000a\000t\000e\000s\000\050\213\301\116\146\000,\121\355\213\301\000\051}{section.37}% 290
\BOOKMARK [2][-]{subsection.37.7}{\376\377\000P\000K\000I\000\040\000\050\000P\000u\000b\000l\000i\000c\000\040\000K\000e\000y\000\040\000I\000n\000f\000r\000a\000s\000t\000r\000u\000c\000t\000u\000r\000e\000\051}{section.37}% 291
\BOOKMARK [2][-]{subsection.37.8}{\376\377\000S\000S\000L\0003\000\040\000A\000u\000t\000h\000e\000n\000t\000i\000c\000a\000t\000i\000o\000n}{section.37}% 292
\BOOKMARK [2][-]{subsection.37.9}{\376\377\000T\000a\000k\000e\000a\000w\000a\000y\000s}{section.37}% 293
\BOOKMARK [1][-]{section.38}{\376\377\000W\000e\000e\000k\000\040\0001\0000\000.\0006\000\040\000-\000\040\000D\000N\000S\000\040\000S\000e\000c\000u\000r\000i\000t\000y}{}% 294
\BOOKMARK [2][-]{subsection.38.1}{\376\377\000T\000o\000p\000i\000c\000\040\000o\000f\000\040\000D\000N\000S\000\040\000S\000e\000c\000u\000r\000i\000t\000y}{section.38}% 295
\BOOKMARK [2][-]{subsection.38.2}{\376\377\000G\000o\000a\000l\000\040\000a\000n\000d\000\040\000T\000h\000r\000e\000a\000t\000\040\000M\000o\000d\000e\000l}{section.38}% 296
\BOOKMARK [2][-]{subsection.38.3}{\376\377\000D\000N\000S\000\040\000S\000p\000o\000o\000f\000i\000n\000g\000\050\153\072\232\227\145\073\121\373\000\051}{section.38}% 297
\BOOKMARK [2][-]{subsection.38.4}{\376\377\000D\000N\000S\000S\000E\000C\000\040\000\050\000D\000N\000S\000\040\000S\000e\000c\000u\000r\000i\000t\000y\000\040\000E\000x\000t\000e\000n\000s\000i\000o\000n\000s\000\051}{section.38}% 298
\BOOKMARK [2][-]{subsection.38.5}{\376\377\000D\000N\000S\000S\000E\000C\000\040\000-\000\040\000N\000e\000w\000\040\000R\000e\000c\000o\000r\000d\000s}{section.38}% 299
\BOOKMARK [2][-]{subsection.38.6}{\376\377\000D\000N\000S\000S\000E\000C\000\040\000-\000\040\000V\000a\000l\000i\000d\000a\000t\000i\000n\000g\000\040\000R\000e\000p\000l\000i\000e\000s}{section.38}% 300
\BOOKMARK [2][-]{subsection.38.7}{\376\377\000T\000a\000k\000e\000a\000w\000a\000y\000s}{section.38}% 301
\BOOKMARK [1][-]{section.39}{\376\377\000W\000e\000e\000k\000\040\0001\0000\000.\0007\000\040\000-\000\040\000F\000i\000r\000e\000w\000a\000l\000l\000s}{}% 302
\BOOKMARK [2][-]{subsection.39.1}{\376\377\000T\000o\000p\000i\000c\000\040\000o\000f\000\040\000F\000i\000r\000e\000w\000a\000l\000l\000s}{section.39}% 303
\BOOKMARK [2][-]{subsection.39.2}{\376\377\000M\000o\000t\000i\000v\000a\000t\000i\000o\000n}{section.39}% 304
\BOOKMARK [1][-]{section.40}{\376\377\000G\000o\000a\000l\000\040\000a\000n\000d\000\040\000T\000h\000r\000e\000a\000t\000\040\000M\000o\000d\000e\000l}{}% 305
\BOOKMARK [2][-]{subsection.40.1}{\376\377\000R\000e\000c\000a\000l\000l\000\040\000M\000i\000d\000d\000l\000e\000b\000o\000x\000e\000s}{section.40}% 306
\BOOKMARK [2][-]{subsection.40.2}{\376\377\000F\000i\000r\000e\000w\000a\000l\000l\000\040\000a\000s\000\040\000M\000i\000d\000d\000l\000e\000b\000o\000x}{section.40}% 307
\BOOKMARK [2][-]{subsection.40.3}{\376\377\000O\000p\000e\000r\000a\000t\000i\000o\000n}{section.40}% 308
\BOOKMARK [2][-]{subsection.40.4}{\376\377\000D\000e\000s\000i\000g\000n}{section.40}% 309
\BOOKMARK [2][-]{subsection.40.5}{\376\377\000D\000e\000p\000l\000o\000y\000m\000e\000n\000t}{section.40}% 310
\BOOKMARK [1][-]{section.41}{\376\377\000W\000e\000e\000k\000\040\0001\0000\000.\0008\000\040\000-\000\040\000V\000i\000r\000t\000u\000a\000l\000\040\000P\000r\000i\000v\000a\000t\000e\000\040\000N\000e\000t\000w\000o\000r\000k\000s\000\040\000\050\000V\000P\000N\000s\000\051}{}% 311
\BOOKMARK [2][-]{subsection.41.1}{\376\377\000T\000o\000p\000i\000c\000\040\000o\000f\000\040\000V\000P\000N}{section.41}% 312
\BOOKMARK [2][-]{subsection.41.2}{\376\377\000M\000o\000t\000i\000v\000a\000t\000i\000o\000n}{section.41}% 313
\BOOKMARK [2][-]{subsection.41.3}{\376\377\000G\000o\000a\000l\000\040\000a\000n\000d\000\040\000T\000h\000r\000e\000a\000t\000\040\000M\000o\000d\000e\000l}{section.41}% 314
\BOOKMARK [2][-]{subsection.41.4}{\376\377\000T\000u\000n\000n\000e\000l\000i\000n\000g\000\050\226\247\220\123\000\051}{section.41}% 315
\BOOKMARK [2][-]{subsection.41.5}{\376\377\000I\000P\000S\000E\000C\000\040\000\050\000I\000P\000\040\000S\000e\000c\000u\000r\000i\000t\000y\000\051}{section.41}% 316
\BOOKMARK [2][-]{subsection.41.6}{\376\377\000T\000a\000k\000e\000a\000w\000a\000y\000s}{section.41}% 317
\BOOKMARK [2][-]{subsection.41.7}{\376\377\000W\000e\000e\000k\000\040\0001\0000\000.\0009\000\040\000-\000\040\000D\000i\000s\000t\000r\000i\000b\000u\000t\000e\000d\000\040\000D\000e\000n\000i\000a\000l\000\040\000o\000f\000\040\000S\000e\000r\000v\000i\000v\000e\000\040\000\050\000D\000D\000O\000S\000\051}{section.41}% 318
\BOOKMARK [2][-]{subsection.41.8}{\376\377\000T\000o\000p\000i\000c\000\040\000o\000f\000\040\000D\000D\000O\000S}{section.41}% 319
\BOOKMARK [2][-]{subsection.41.9}{\376\377\000M\000o\000t\000i\000v\000a\000t\000i\000o\000n}{section.41}% 320
\BOOKMARK [2][-]{subsection.41.10}{\376\377\000G\000o\000a\000l\000\040\000a\000n\000d\000\040\000T\000h\000r\000e\000a\000t\000\040\000M\000o\000d\000e\000l}{section.41}% 321
\BOOKMARK [2][-]{subsection.41.11}{\376\377\000I\000n\000t\000e\000r\000n\000e\000t\000\040\000R\000e\000a\000l\000i\000t\000y}{section.41}% 322
\BOOKMARK [2][-]{subsection.41.12}{\376\377\000D\000e\000n\000i\000a\000l\000-\000o\000f\000-\000S\000e\000r\000v\000i\000c\000e}{section.41}% 323
\BOOKMARK [2][-]{subsection.41.13}{\376\377\000H\000o\000s\000t\000\040\000D\000e\000n\000i\000a\000l\000-\000o\000f\000-\000S\000e\000r\000v\000i\000c\000e}{section.41}% 324
\BOOKMARK [2][-]{subsection.41.14}{\376\377\000N\000e\000t\000w\000o\000r\000k\000\040\000D\000e\000n\000i\000a\000l\000-\000o\000f\000-\000S\000e\000r\000v\000i\000c\000e}{section.41}% 325
\BOOKMARK [2][-]{subsection.41.15}{\376\377\000D\000i\000s\000t\000r\000i\000b\000u\000t\000e\000d\000\040\000D\000e\000n\000i\000a\000l\000-\000o\000f\000-\000S\000e\000r\000v\000i\000c\000e\000\040\000\050\000D\000D\000O\000S\000\051}{section.41}% 326
\BOOKMARK [2][-]{subsection.41.16}{\376\377\000C\000o\000m\000p\000l\000i\000c\000a\000t\000i\000o\000n\000\050\155\367\116\161\000\051\000:\000\040\000S\000p\000o\000o\000f\000i\000n\000g\000\050\153\072\232\227\000\051}{section.41}% 327
\BOOKMARK [2][-]{subsection.41.17}{\376\377\000B\000e\000s\000t\000\040\000P\000r\000a\000c\000t\000i\000c\000e\000:\000\040\000I\000n\000g\000r\000e\000s\000s\000\040\000F\000i\000l\000t\000e\000r\000i\000n\000g}{section.41}% 328
\BOOKMARK [2][-]{subsection.41.18}{\376\377\000F\000l\000o\000o\000d\000i\000n\000g\000\040\000D\000e\000f\000e\000n\000s\000e\000s}{section.41}% 329
\BOOKMARK [2][-]{subsection.41.19}{\376\377\000W\000e\000e\000k\000\040\0001\0000\000.\0001\0000\000\040\000-\000\040\000F\000a\000r\000e\000w\000e\000l\000l\000\040\000F\000o\000r\000\040\000N\000o\000w\000\040\000\050\000L\000a\000s\000t\000\040\000O\000n\000e\000\051}{section.41}% 330
