This is XeTeX, Version 3.14159265-2.6-0.999991 (TeX Live 2019) (preloaded format=xelatex 2020.3.6)  29 MAY 2020 16:25
entering extended mode
 restricted \write18 enabled.
 %&-line parsing enabled.
**ComputerNetwork2.tex
(./ComputerNetwork2.tex
LaTeX2e <2018-12-01>
(/usr/local/texlive/2019/texmf-dist/tex/latex/ctex/ctexart.cls
(/usr/local/texlive/2019/texmf-dist/tex/latex/l3kernel/expl3.sty
Package: expl3 2019-05-07 L3 programming layer (loader) 

(/usr/local/texlive/2019/texmf-dist/tex/latex/l3kernel/expl3-code.tex
Package: expl3 2019-05-07 L3 programming layer (code)
\c_max_int=\count80
\l_tmpa_int=\count81
\l_tmpb_int=\count82
\g_tmpa_int=\count83
\g_tmpb_int=\count84
\g__kernel_prg_map_int=\count85
\c__ior_term_ior=\count86
\c_log_iow=\count87
\l_iow_line_count_int=\count88
\l__iow_line_target_int=\count89
\l__iow_one_indent_int=\count90
\l__iow_indent_int=\count91
\c_zero_dim=\dimen102
\c_max_dim=\dimen103
\l_tmpa_dim=\dimen104
\l_tmpb_dim=\dimen105
\g_tmpa_dim=\dimen106
\g_tmpb_dim=\dimen107
\c_zero_skip=\skip41
\c_max_skip=\skip42
\l_tmpa_skip=\skip43
\l_tmpb_skip=\skip44
\g_tmpa_skip=\skip45
\g_tmpb_skip=\skip46
\c_zero_muskip=\muskip10
\c_max_muskip=\muskip11
\l_tmpa_muskip=\muskip12
\l_tmpb_muskip=\muskip13
\g_tmpa_muskip=\muskip14
\g_tmpb_muskip=\muskip15
\l_keys_choice_int=\count92
\l__intarray_loop_int=\count93
\c__intarray_sp_dim=\dimen108
\g__intarray_font_int=\count94
\c__fp_leading_shift_int=\count95
\c__fp_middle_shift_int=\count96
\c__fp_trailing_shift_int=\count97
\c__fp_big_leading_shift_int=\count98
\c__fp_big_middle_shift_int=\count99
\c__fp_big_trailing_shift_int=\count100
\c__fp_Bigg_leading_shift_int=\count101
\c__fp_Bigg_middle_shift_int=\count102
\c__fp_Bigg_trailing_shift_int=\count103
\g__fp_array_int=\count104
\l__fp_array_loop_int=\count105
\l__sort_length_int=\count106
\l__sort_min_int=\count107
\l__sort_top_int=\count108
\l__sort_max_int=\count109
\l__sort_true_max_int=\count110
\l__sort_block_int=\count111
\l__sort_begin_int=\count112
\l__sort_end_int=\count113
\l__sort_A_int=\count114
\l__sort_B_int=\count115
\l__sort_C_int=\count116
\l__tl_analysis_normal_int=\count117
\l__tl_analysis_index_int=\count118
\l__tl_analysis_nesting_int=\count119
\l__tl_analysis_type_int=\count120
\l__regex_internal_a_int=\count121
\l__regex_internal_b_int=\count122
\l__regex_internal_c_int=\count123
\l__regex_balance_int=\count124
\l__regex_group_level_int=\count125
\l__regex_mode_int=\count126
\c__regex_cs_in_class_mode_int=\count127
\c__regex_cs_mode_int=\count128
\l__regex_catcodes_int=\count129
\l__regex_default_catcodes_int=\count130
\c__regex_catcode_L_int=\count131
\c__regex_catcode_O_int=\count132
\c__regex_catcode_A_int=\count133
\c__regex_all_catcodes_int=\count134
\l__regex_show_lines_int=\count135
\l__regex_min_state_int=\count136
\l__regex_max_state_int=\count137
\l__regex_left_state_int=\count138
\l__regex_right_state_int=\count139
\l__regex_capturing_group_int=\count140
\l__regex_min_pos_int=\count141
\l__regex_max_pos_int=\count142
\l__regex_curr_pos_int=\count143
\l__regex_start_pos_int=\count144
\l__regex_success_pos_int=\count145
\l__regex_curr_char_int=\count146
\l__regex_curr_catcode_int=\count147
\l__regex_last_char_int=\count148
\l__regex_case_changed_char_int=\count149
\l__regex_curr_state_int=\count150
\l__regex_step_int=\count151
\l__regex_min_active_int=\count152
\l__regex_max_active_int=\count153
\l__regex_replacement_csnames_int=\count154
\l__regex_match_count_int=\count155
\l__regex_min_submatch_int=\count156
\l__regex_submatch_int=\count157
\l__regex_zeroth_submatch_int=\count158
\g__regex_trace_regex_int=\count159
\c_empty_box=\box27
\l_tmpa_box=\box28
\l_tmpb_box=\box29
\g_tmpa_box=\box30
\g_tmpb_box=\box31
\l__box_top_dim=\dimen109
\l__box_bottom_dim=\dimen110
\l__box_left_dim=\dimen111
\l__box_right_dim=\dimen112
\l__box_top_new_dim=\dimen113
\l__box_bottom_new_dim=\dimen114
\l__box_left_new_dim=\dimen115
\l__box_right_new_dim=\dimen116
\l__box_internal_box=\box32
\l__coffin_internal_box=\box33
\l__coffin_internal_dim=\dimen117
\l__coffin_offset_x_dim=\dimen118
\l__coffin_offset_y_dim=\dimen119
\l__coffin_x_dim=\dimen120
\l__coffin_y_dim=\dimen121
\l__coffin_x_prime_dim=\dimen122
\l__coffin_y_prime_dim=\dimen123
\c_empty_coffin=\box34
\l__coffin_aligned_coffin=\box35
\l__coffin_aligned_internal_coffin=\box36
\l_tmpa_coffin=\box37
\l_tmpb_coffin=\box38
\g_tmpa_coffin=\box39
\g_tmpb_coffin=\box40
\l__coffin_bounding_shift_dim=\dimen124
\l__coffin_left_corner_dim=\dimen125
\l__coffin_right_corner_dim=\dimen126
\l__coffin_bottom_corner_dim=\dimen127
\l__coffin_top_corner_dim=\dimen128
\l__coffin_scaled_total_height_dim=\dimen129
\l__coffin_scaled_width_dim=\dimen130
\c__coffin_empty_coffin=\box41
\l__coffin_display_coffin=\box42
\l__coffin_display_coord_coffin=\box43
\l__coffin_display_pole_coffin=\box44
\l__coffin_display_offset_dim=\dimen131
\l__coffin_display_x_dim=\dimen132
\l__coffin_display_y_dim=\dimen133
\g__file_internal_ior=\read1
\l__seq_internal_a_int=\count160
\l__seq_internal_b_int=\count161
\c__deprecation_minus_one=\count162
)
(/usr/local/texlive/2019/texmf-dist/tex/latex/l3kernel/l3xdvipdfmx.def
File: l3xdvipdfmx.def 2019-04-06 v L3 Experimental driver: xdvipdfmx
\g__driver_image_int=\count163
\l__driver_pdf_tmp_box=\box45
\g__driver_pdf_object_int=\count164
\g__driver_pdf_annotation_int=\count165
))
Document Class: ctexart 2019/04/07 v2.4.15 Chinese adapter for class article (C
TEX)
(/usr/local/texlive/2019/texmf-dist/tex/latex/l3packages/xparse/xparse.sty
Package: xparse 2019-05-03 L3 Experimental document command parser
\l__xparse_current_arg_int=\count166
\g__xparse_grabber_int=\count167
\l__xparse_m_args_int=\count168
\l__xparse_v_nesting_int=\count169
)
(/usr/local/texlive/2019/texmf-dist/tex/latex/l3packages/l3keys2e/l3keys2e.sty
Package: l3keys2e 2019-05-03 LaTeX2e option processing using LaTeX3 keys
) (/usr/local/texlive/2019/texmf-dist/tex/latex/ctex/ctexhook.sty
Package: ctexhook 2019/04/07 v2.4.15 Document and package hooks (CTEX)
)
(/usr/local/texlive/2019/texmf-dist/tex/latex/ctex/ctexpatch.sty
Package: ctexpatch 2019/04/07 v2.4.15 Patching commands (CTEX)
)
(/usr/local/texlive/2019/texmf-dist/tex/latex/base/fix-cm.sty
Package: fix-cm 2015/01/14 v1.1t fixes to LaTeX

(/usr/local/texlive/2019/texmf-dist/tex/latex/base/ts1enc.def
File: ts1enc.def 2001/06/05 v3.0e (jk/car/fm) Standard LaTeX file
))
(/usr/local/texlive/2019/texmf-dist/tex/latex/ms/everysel.sty
Package: everysel 2011/10/28 v1.2 EverySelectfont Package (MS)
)
\l__ctex_tmp_int=\count170
\l__ctex_tmp_box=\box46
\l__ctex_tmp_dim=\dimen134
\g__ctex_section_depth_int=\count171
\g__ctex_font_size_int=\count172

(/usr/local/texlive/2019/texmf-dist/tex/latex/ctex/config/ctexopts.cfg
File: ctexopts.cfg 2019/04/07 v2.4.15 Option configuration file (CTEX)
)
(/usr/local/texlive/2019/texmf-dist/tex/latex/base/article.cls
Document Class: article 2018/09/03 v1.4i Standard LaTeX document class
(/usr/local/texlive/2019/texmf-dist/tex/latex/base/size12.clo
File: size12.clo 2018/09/03 v1.4i Standard LaTeX file (size option)
)
\c@part=\count173
\c@section=\count174
\c@subsection=\count175
\c@subsubsection=\count176
\c@paragraph=\count177
\c@subparagraph=\count178
\c@figure=\count179
\c@table=\count180
\abovecaptionskip=\skip47
\belowcaptionskip=\skip48
\bibindent=\dimen135
)
(/usr/local/texlive/2019/texmf-dist/tex/latex/ctex/engine/ctex-engine-xetex.def
File: ctex-engine-xetex.def 2019/04/07 v2.4.15 XeLaTeX adapter (CTEX)
(/usr/local/texlive/2019/texmf-dist/tex/xelatex/xecjk/xeCJK.sty
Package: xeCJK 2019/04/07 v3.7.2 Typesetting CJK scripts with XeLaTeX

(/usr/local/texlive/2019/texmf-dist/tex/latex/l3packages/xtemplate/xtemplate.st
y
Package: xtemplate 2019-05-03 L3 Experimental prototype document functions
\l__xtemplate_tmp_dim=\dimen136
\l__xtemplate_tmp_int=\count181
\l__xtemplate_tmp_muskip=\muskip16
\l__xtemplate_tmp_skip=\skip49
)
\l__xeCJK_tmp_int=\count182
\l__xeCJK_tmp_box=\box47
\l__xeCJK_tmp_dim=\dimen137
\l__xeCJK_tmp_skip=\skip50
\g__xeCJK_space_factor_int=\count183
\l__xeCJK_begin_int=\count184
\l__xeCJK_end_int=\count185
\c__xeCJK_CJK_class_int=\XeTeXcharclass1
\c__xeCJK_FullLeft_class_int=\XeTeXcharclass2
\c__xeCJK_FullRight_class_int=\XeTeXcharclass3
\c__xeCJK_HalfLeft_class_int=\XeTeXcharclass4
\c__xeCJK_HalfRight_class_int=\XeTeXcharclass5
\c__xeCJK_NormalSpace_class_int=\XeTeXcharclass6
\c__xeCJK_CM_class_int=\XeTeXcharclass7
\c__xeCJK_HangulJamo_class_int=\XeTeXcharclass8
\l__xeCJK_last_skip=\skip51
\g__xeCJK_node_int=\count186
\c__xeCJK_CJK_node_dim=\dimen138
\c__xeCJK_CJK-space_node_dim=\dimen139
\c__xeCJK_default_node_dim=\dimen140
\c__xeCJK_default-space_node_dim=\dimen141
\c__xeCJK_CJK-widow_node_dim=\dimen142
\c__xeCJK_normalspace_node_dim=\dimen143
\l__xeCJK_ccglue_skip=\skip52
\l__xeCJK_ecglue_skip=\skip53
\l__xeCJK_punct_kern_skip=\skip54
\l__xeCJK_last_penalty_int=\count187
\l__xeCJK_last_bound_dim=\dimen144
\l__xeCJK_last_kern_dim=\dimen145
\l__xeCJK_widow_penalty_int=\count188

Package xtemplate Info: Declaring object type 'xeCJK/punctuation' taking 0
(xtemplate)             argument(s) on line 2352.

\l__xeCJK_fixed_punct_width_dim=\dimen146
\l__xeCJK_mixed_punct_width_dim=\dimen147
\l__xeCJK_middle_punct_width_dim=\dimen148
\l__xeCJK_fixed_margin_width_dim=\dimen149
\l__xeCJK_mixed_margin_width_dim=\dimen150
\l__xeCJK_middle_margin_width_dim=\dimen151
\l__xeCJK_bound_punct_width_dim=\dimen152
\l__xeCJK_bound_margin_width_dim=\dimen153
\l__xeCJK_margin_minimum_dim=\dimen154
\l__xeCJK_kerning_total_width_dim=\dimen155
\l__xeCJK_same_align_margin_dim=\dimen156
\l__xeCJK_different_align_margin_dim=\dimen157
\l__xeCJK_kerning_margin_width_dim=\dimen158
\l__xeCJK_kerning_margin_minimum_dim=\dimen159
\l__xeCJK_bound_dim=\dimen160
\l__xeCJK_reverse_bound_dim=\dimen161
\l__xeCJK_minimum_bound_dim=\dimen162
\l__xeCJK_kerning_margin_dim=\dimen163
\l__xeCJK_original_margin_dim=\dimen164
\g__xeCJK_family_int=\count189
\l__xeCJK_fam_int=\count190
\g__xeCJK_fam_allocation_int=\count191
\l__xeCJK_verb_case_int=\count192
\l__xeCJK_verb_exspace_skip=\skip55
 (/usr/local/texlive/2019/texmf-dist/tex/latex/fontspec/fontspec.sty
Package: fontspec 2019/03/15 v2.7c Font selection for XeLaTeX and LuaLaTeX

(/usr/local/texlive/2019/texmf-dist/tex/latex/fontspec/fontspec-xetex.sty
Package: fontspec-xetex 2019/03/15 v2.7c Font selection for XeLaTeX and LuaLaTe
X
\l__fontspec_script_int=\count193
\l__fontspec_language_int=\count194
\l__fontspec_strnum_int=\count195
\l__fontspec_tmp_int=\count196
\l__fontspec_tmpa_int=\count197
\l__fontspec_tmpb_int=\count198
\l__fontspec_tmpc_int=\count199
\l__fontspec_em_int=\count266
\l__fontspec_emdef_int=\count267
\l__fontspec_strong_int=\count268
\l__fontspec_strongdef_int=\count269
\l__fontspec_tmpa_dim=\dimen165
\l__fontspec_tmpb_dim=\dimen166
\l__fontspec_tmpc_dim=\dimen167

(/usr/local/texlive/2019/texmf-dist/tex/latex/base/fontenc.sty
Package: fontenc 2018/08/11 v2.0j Standard LaTeX package

(/usr/local/texlive/2019/texmf-dist/tex/latex/base/tuenc.def
File: tuenc.def 2018/08/11 v2.0j Standard LaTeX file
LaTeX Font Info:    Redeclaring font encoding TU on input line 82.
))
(/usr/local/texlive/2019/texmf-dist/tex/latex/fontspec/fontspec.cfg)
LaTeX Info: Redefining \itshape on input line 4051.
LaTeX Info: Redefining \slshape on input line 4056.
LaTeX Info: Redefining \scshape on input line 4061.
LaTeX Info: Redefining \upshape on input line 4066.
LaTeX Info: Redefining \em on input line 4096.
LaTeX Info: Redefining \emph on input line 4121.
))
(/usr/local/texlive/2019/texmf-dist/tex/xelatex/xecjk/xeCJK.cfg
File: xeCJK.cfg 2019/04/07 v3.7.2 Configuration file for xeCJK package
))
(/usr/local/texlive/2019/texmf-dist/tex/xelatex/xecjk/xeCJKfntef.sty
Package: xeCJKfntef 2019/04/07 v3.7.2 xeCJK font effect

(/usr/local/texlive/2019/texmf-dist/tex/generic/ulem/ulem.sty
\UL@box=\box48
\UL@hyphenbox=\box49
\UL@skip=\skip56
\UL@hook=\toks14
\UL@height=\dimen168
\UL@pe=\count270
\UL@pixel=\dimen169
\ULC@box=\box50
Package: ulem 2012/05/18
\ULdepth=\dimen170
)
(/usr/local/texlive/2019/texmf-dist/tex/latex/cjk/texinput/CJKfntef.sty
Package: CJKfntef 2015/04/18 4.8.4
\CJK@fntefSkip=\skip57
\CJK@nest=\count271
\CJK@fntefDimen=\dimen171
\CJK@underdotBox=\box51
\CJK@ULbox=\box52
\CJK@underanyskip=\dimen172
)
\l__xeCJK_space_skip=\skip58
\c__xeCJK_ulem-begin_node_dim=\dimen173
\c__xeCJK_null_box=\box53
\l__xeCJK_fntef_box=\box54
\l__xeCJK_under_symbol_box=\box55
\c__xeCJK_filll_skip=\skip59
)
\ccwd=\dimen174
\l__ctex_ccglue_skip=\skip60
)
\l__ctex_ziju_dim=\dimen175

(/usr/local/texlive/2019/texmf-dist/tex/latex/zhnumber/zhnumber.sty
Package: zhnumber 2019/04/07 v2.7 Typesetting numbers with Chinese glyphs
\l__zhnum_scale_int=\count272

(/usr/local/texlive/2019/texmf-dist/tex/latex/zhnumber/zhnumber-utf8.cfg
File: zhnumber-utf8.cfg 2019/04/07 v2.7 Chinese numerals with UTF8 encoding
))
\l__ctex_heading_skip=\skip61

(/usr/local/texlive/2019/texmf-dist/tex/latex/ctex/scheme/ctex-scheme-chinese-a
rticle.def
File: ctex-scheme-chinese-article.def 2019/04/07 v2.4.15 Chinese scheme for art
icle (CTEX)

(/usr/local/texlive/2019/texmf-dist/tex/latex/ctex/config/ctex-name-utf8.cfg
File: ctex-name-utf8.cfg 2019/04/07 v2.4.15 Caption with encoding UTF8 (CTEX)
))
(/usr/local/texlive/2019/texmf-dist/tex/latex/ctex/fontset/ctex-fontset-fandol.
def
File: ctex-fontset-fandol.def 2019/04/07 v2.4.15 Fandol fonts definition (CTEX)



Package fontspec Warning: Font "FandolSong-Regular" does not contain requested
(fontspec)                Script "CJK".


Package fontspec Info: Font family 'FandolSong-Regular(0)' created for font
(fontspec)             'FandolSong-Regular' with options
(fontspec)             [Script={CJK},Extension={.otf},BoldFont={FandolSong-Bold
},ItalicFont={FandolKai-Regular}].
(fontspec)              
(fontspec)              This font family consists of the following NFSS
(fontspec)             series/shapes:
(fontspec)              
(fontspec)             - 'normal' (m/n) with NFSS spec.:
(fontspec)             <->"[FandolSong-Regular.otf]/OT"
(fontspec)             - 'small caps'  (m/sc) with NFSS spec.: 
(fontspec)             - 'bold' (bx/n) with NFSS spec.:
(fontspec)             <->"[FandolSong-Bold.otf]/OT"
(fontspec)             - 'bold small caps'  (bx/sc) with NFSS spec.: 
(fontspec)             - 'italic' (m/it) with NFSS spec.:
(fontspec)             <->"[FandolKai-Regular.otf]/OT"
(fontspec)             - 'italic small caps'  (m/itsc) with NFSS spec.: 

)) (/usr/local/texlive/2019/texmf-dist/tex/latex/ctex/config/ctex.cfg
File: ctex.cfg 2019/04/07 v2.4.15 Configuration file (CTEX)
)
(/usr/local/texlive/2019/texmf-dist/tex/latex/base/inputenc.sty
Package: inputenc 2018/08/11 v1.3c Input encoding file
\inpenc@prehook=\toks15
\inpenc@posthook=\toks16


Package inputenc Warning: inputenc package ignored with utf8 based engines.

)

Package ctex Warning: Command \CTEXsetup is deprecated.
(ctex)                \ctexset { section = { format={\Large \bfseries } } } is
(ctex)                set.

(/usr/local/texlive/2019/texmf-dist/tex/latex/natbib/natbib.sty
Package: natbib 2010/09/13 8.31b (PWD, AO)
\bibhang=\skip62
\bibsep=\skip63
LaTeX Info: Redefining \cite on input line 694.
\c@NAT@ctr=\count273
)
(/usr/local/texlive/2019/texmf-dist/tex/latex/graphics/graphicx.sty
Package: graphicx 2017/06/01 v1.1a Enhanced LaTeX Graphics (DPC,SPQR)

(/usr/local/texlive/2019/texmf-dist/tex/latex/graphics/keyval.sty
Package: keyval 2014/10/28 v1.15 key=value parser (DPC)
\KV@toks@=\toks17
)
(/usr/local/texlive/2019/texmf-dist/tex/latex/graphics/graphics.sty
Package: graphics 2017/06/25 v1.2c Standard LaTeX Graphics (DPC,SPQR)

(/usr/local/texlive/2019/texmf-dist/tex/latex/graphics/trig.sty
Package: trig 2016/01/03 v1.10 sin cos tan (DPC)
)
(/usr/local/texlive/2019/texmf-dist/tex/latex/graphics-cfg/graphics.cfg
File: graphics.cfg 2016/06/04 v1.11 sample graphics configuration
)
Package graphics Info: Driver file: xetex.def on input line 99.

(/usr/local/texlive/2019/texmf-dist/tex/latex/graphics-def/xetex.def
File: xetex.def 2017/06/24 v5.0h Graphics/color driver for xetex
))
\Gin@req@height=\dimen176
\Gin@req@width=\dimen177
)
(/usr/local/texlive/2019/texmf-dist/tex/latex/subfigure/subfigure.sty
Package: subfigure 2002/03/15 v2.1.5 subfigure package
\subfigtopskip=\skip64
\subfigcapskip=\skip65
\subfigcaptopadj=\dimen178
\subfigbottomskip=\skip66
\subfigcapmargin=\dimen179
\subfiglabelskip=\skip67
\c@subfigure=\count274
\c@lofdepth=\count275
\c@subtable=\count276
\c@lotdepth=\count277

****************************************
* Local config file subfigure.cfg used *
****************************************
(/usr/local/texlive/2019/texmf-dist/tex/latex/subfigure/subfigure.cfg)
\subfig@top=\skip68
\subfig@bottom=\skip69
)
(/usr/local/texlive/2019/texmf-dist/tex/latex/float/float.sty
Package: float 2001/11/08 v1.3d Float enhancements (AL)
\c@float@type=\count278
\float@exts=\toks18
\float@box=\box56
\@float@everytoks=\toks19
\@floatcapt=\box57
)
(/usr/local/texlive/2019/texmf-dist/tex/latex/xcolor/xcolor.sty
Package: xcolor 2016/05/11 v2.12 LaTeX color extensions (UK)

(/usr/local/texlive/2019/texmf-dist/tex/latex/graphics-cfg/color.cfg
File: color.cfg 2016/01/02 v1.6 sample color configuration
)
Package xcolor Info: Driver file: xetex.def on input line 225.
Package xcolor Info: Model `cmy' substituted by `cmy0' on input line 1348.
Package xcolor Info: Model `RGB' extended on input line 1364.
Package xcolor Info: Model `HTML' substituted by `rgb' on input line 1366.
Package xcolor Info: Model `Hsb' substituted by `hsb' on input line 1367.
Package xcolor Info: Model `tHsb' substituted by `hsb' on input line 1368.
Package xcolor Info: Model `HSB' substituted by `hsb' on input line 1369.
Package xcolor Info: Model `Gray' substituted by `gray' on input line 1370.
Package xcolor Info: Model `wave' substituted by `hsb' on input line 1371.
)
(/usr/local/texlive/2019/texmf-dist/tex/latex/framed/framed.sty
Package: framed 2011/10/22 v 0.96: framed or shaded text with page breaks
\OuterFrameSep=\skip70
\fb@frw=\dimen180
\fb@frh=\dimen181
\FrameRule=\dimen182
\FrameSep=\dimen183
)
(/usr/local/texlive/2019/texmf-dist/tex/latex/hyperref/hyperref.sty
Package: hyperref 2018/11/30 v6.88e Hypertext links for LaTeX

(/usr/local/texlive/2019/texmf-dist/tex/generic/oberdiek/hobsub-hyperref.sty
Package: hobsub-hyperref 2016/05/16 v1.14 Bundle oberdiek, subset hyperref (HO)


(/usr/local/texlive/2019/texmf-dist/tex/generic/oberdiek/hobsub-generic.sty
Package: hobsub-generic 2016/05/16 v1.14 Bundle oberdiek, subset generic (HO)
Package: hobsub 2016/05/16 v1.14 Construct package bundles (HO)
Package: infwarerr 2016/05/16 v1.4 Providing info/warning/error messages (HO)
Package: ltxcmds 2016/05/16 v1.23 LaTeX kernel commands for general use (HO)
Package: ifluatex 2016/05/16 v1.4 Provides the ifluatex switch (HO)
Package ifluatex Info: LuaTeX not detected.
Package: ifvtex 2016/05/16 v1.6 Detect VTeX and its facilities (HO)
Package ifvtex Info: VTeX not detected.
Package: intcalc 2016/05/16 v1.2 Expandable calculations with integers (HO)
Package: ifpdf 2018/09/07 v3.3 Provides the ifpdf switch
Package: etexcmds 2016/05/16 v1.6 Avoid name clashes with e-TeX commands (HO)
Package: kvsetkeys 2016/05/16 v1.17 Key value parser (HO)
Package: kvdefinekeys 2016/05/16 v1.4 Define keys (HO)
Package: pdftexcmds 2018/09/10 v0.29 Utility functions of pdfTeX for LuaTeX (HO
)
Package pdftexcmds Info: LuaTeX not detected.
Package pdftexcmds Info: pdfTeX >= 1.30 not detected.
Package pdftexcmds Info: \pdf@primitive is available.
Package pdftexcmds Info: \pdf@ifprimitive is available.
Package pdftexcmds Info: \pdfdraftmode not found.
Package: pdfescape 2016/05/16 v1.14 Implements pdfTeX's escape features (HO)
Package: bigintcalc 2016/05/16 v1.4 Expandable calculations on big integers (HO
)
Package: bitset 2016/05/16 v1.2 Handle bit-vector datatype (HO)
Package: uniquecounter 2016/05/16 v1.3 Provide unlimited unique counter (HO)
)
Package hobsub Info: Skipping package `hobsub' (already loaded).
Package: letltxmacro 2016/05/16 v1.5 Let assignment for LaTeX macros (HO)
Package: hopatch 2016/05/16 v1.3 Wrapper for package hooks (HO)
Package: xcolor-patch 2016/05/16 xcolor patch
Package: atveryend 2016/05/16 v1.9 Hooks at the very end of document (HO)
Package atveryend Info: \enddocument detected (standard20110627).
Package: atbegshi 2016/06/09 v1.18 At begin shipout hook (HO)
Package: refcount 2016/05/16 v3.5 Data extraction from label references (HO)
Package: hycolor 2016/05/16 v1.8 Color options for hyperref/bookmark (HO)
)
(/usr/local/texlive/2019/texmf-dist/tex/generic/ifxetex/ifxetex.sty
Package: ifxetex 2010/09/12 v0.6 Provides ifxetex conditional
)
(/usr/local/texlive/2019/texmf-dist/tex/latex/oberdiek/auxhook.sty
Package: auxhook 2016/05/16 v1.4 Hooks for auxiliary files (HO)
)
(/usr/local/texlive/2019/texmf-dist/tex/latex/oberdiek/kvoptions.sty
Package: kvoptions 2016/05/16 v3.12 Key value format for package options (HO)
)
\@linkdim=\dimen184
\Hy@linkcounter=\count279
\Hy@pagecounter=\count280

(/usr/local/texlive/2019/texmf-dist/tex/latex/hyperref/pd1enc.def
File: pd1enc.def 2018/11/30 v6.88e Hyperref: PDFDocEncoding definition (HO)
)
\Hy@SavedSpaceFactor=\count281

(/usr/local/texlive/2019/texmf-dist/tex/latex/latexconfig/hyperref.cfg
File: hyperref.cfg 2002/06/06 v1.2 hyperref configuration of TeXLive
)
Package hyperref Info: Option `unicode' set `true' on input line 4393.

(/usr/local/texlive/2019/texmf-dist/tex/latex/hyperref/puenc.def
File: puenc.def 2018/11/30 v6.88e Hyperref: PDF Unicode definition (HO)
)
Package hyperref Info: Option `colorlinks' set `true' on input line 4393.
Package hyperref Info: Hyper figures OFF on input line 4519.
Package hyperref Info: Link nesting OFF on input line 4524.
Package hyperref Info: Hyper index ON on input line 4527.
Package hyperref Info: Plain pages OFF on input line 4534.
Package hyperref Info: Backreferencing OFF on input line 4539.
Package hyperref Info: Implicit mode ON; LaTeX internals redefined.
Package hyperref Info: Bookmarks ON on input line 4772.
\c@Hy@tempcnt=\count282

(/usr/local/texlive/2019/texmf-dist/tex/latex/url/url.sty
\Urlmuskip=\muskip17
Package: url 2013/09/16  ver 3.4  Verb mode for urls, etc.
)
LaTeX Info: Redefining \url on input line 5125.
\XeTeXLinkMargin=\dimen185
\Fld@menulength=\count283
\Field@Width=\dimen186
\Fld@charsize=\dimen187
Package hyperref Info: Hyper figures OFF on input line 6380.
Package hyperref Info: Link nesting OFF on input line 6385.
Package hyperref Info: Hyper index ON on input line 6388.
Package hyperref Info: backreferencing OFF on input line 6395.
Package hyperref Info: Link coloring ON on input line 6398.
Package hyperref Info: Link coloring with OCG OFF on input line 6405.
Package hyperref Info: PDF/A mode OFF on input line 6410.
LaTeX Info: Redefining \ref on input line 6450.
LaTeX Info: Redefining \pageref on input line 6454.
\Hy@abspage=\count284
\c@Item=\count285
\c@Hfootnote=\count286
)
Package hyperref Info: Driver (autodetected): hxetex.

(/usr/local/texlive/2019/texmf-dist/tex/latex/hyperref/hxetex.def
File: hxetex.def 2018/11/30 v6.88e Hyperref driver for XeTeX

(/usr/local/texlive/2019/texmf-dist/tex/generic/oberdiek/stringenc.sty
Package: stringenc 2016/05/16 v1.11 Convert strings between diff. encodings (HO
)
)
\pdfm@box=\box58
\c@Hy@AnnotLevel=\count287
\HyField@AnnotCount=\count288
\Fld@listcount=\count289
\c@bookmark@seq@number=\count290

(/usr/local/texlive/2019/texmf-dist/tex/latex/oberdiek/rerunfilecheck.sty
Package: rerunfilecheck 2016/05/16 v1.8 Rerun checks for auxiliary files (HO)
Package uniquecounter Info: New unique counter `rerunfilecheck' on input line 2
82.
)
\Hy@SectionHShift=\skip71
)
(/usr/local/texlive/2019/texmf-dist/tex/latex/psnfss/courier.sty
Package: courier 2005/04/12 PSNFSS-v9.2a (WaS) 
)
(/usr/local/texlive/2019/texmf-dist/tex/latex/colortbl/colortbl.sty
Package: colortbl 2018/12/12 v1.0d Color table columns (DPC)

(/usr/local/texlive/2019/texmf-dist/tex/latex/tools/array.sty
Package: array 2018/12/30 v2.4k Tabular extension package (FMi)
\col@sep=\dimen188
\ar@mcellbox=\box59
\extrarowheight=\dimen189
\NC@list=\toks20
\extratabsurround=\skip72
\backup@length=\skip73
\ar@cellbox=\box60
)
\everycr=\toks21
\minrowclearance=\skip74
)
(/usr/local/texlive/2019/texmf-dist/tex/latex/booktabs/booktabs.sty
Package: booktabs 2016/04/27 v1.618033 publication quality tables
\heavyrulewidth=\dimen190
\lightrulewidth=\dimen191
\cmidrulewidth=\dimen192
\belowrulesep=\dimen193
\belowbottomsep=\dimen194
\aboverulesep=\dimen195
\abovetopsep=\dimen196
\cmidrulesep=\dimen197
\cmidrulekern=\dimen198
\defaultaddspace=\dimen199
\@cmidla=\count291
\@cmidlb=\count292
\@aboverulesep=\dimen256
\@belowrulesep=\dimen257
\@thisruleclass=\count293
\@lastruleclass=\count294
\@thisrulewidth=\dimen258
)
(/usr/local/texlive/2019/texmf-dist/tex/latex/adjustbox/adjustbox.sty
Package: adjustbox 2019/01/04 v1.2 Adjusting TeX boxes (trim, clip, ...)

(/usr/local/texlive/2019/texmf-dist/tex/latex/xkeyval/xkeyval.sty
Package: xkeyval 2014/12/03 v2.7a package option processing (HA)

(/usr/local/texlive/2019/texmf-dist/tex/generic/xkeyval/xkeyval.tex
(/usr/local/texlive/2019/texmf-dist/tex/generic/xkeyval/xkvutils.tex
\XKV@toks=\toks22
\XKV@tempa@toks=\toks23
)
\XKV@depth=\count295
File: xkeyval.tex 2014/12/03 v2.7a key=value parser (HA)
))
(/usr/local/texlive/2019/texmf-dist/tex/latex/adjustbox/adjcalc.sty
Package: adjcalc 2012/05/16 v1.1 Provides advanced setlength with multiple back
-ends (calc, etex, pgfmath)
)
(/usr/local/texlive/2019/texmf-dist/tex/latex/adjustbox/trimclip.sty
Package: trimclip 2018/04/08 v1.1 Trim and clip general TeX material

(/usr/local/texlive/2019/texmf-dist/tex/latex/collectbox/collectbox.sty
Package: collectbox 2012/05/17 v0.4b Collect macro arguments as boxes
\collectedbox=\box61
)
\tc@llx=\dimen259
\tc@lly=\dimen260
\tc@urx=\dimen261
\tc@ury=\dimen262
Package trimclip Info: Using driver 'tc-xetex.def'.

(/usr/local/texlive/2019/texmf-dist/tex/latex/adjustbox/tc-xetex.def
File: tc-xetex.def 2019/01/04 v2.2 Clipping driver for xetex
))
\adjbox@Width=\dimen263
\adjbox@Height=\dimen264
\adjbox@Depth=\dimen265
\adjbox@Totalheight=\dimen266
\adjbox@pwidth=\dimen267
\adjbox@pheight=\dimen268
\adjbox@pdepth=\dimen269
\adjbox@ptotalheight=\dimen270

(/usr/local/texlive/2019/texmf-dist/tex/latex/ifoddpage/ifoddpage.sty
Package: ifoddpage 2016/04/23 v1.1 Conditionals for odd/even page detection
\c@checkoddpage=\count296
)
(/usr/local/texlive/2019/texmf-dist/tex/latex/varwidth/varwidth.sty
Package: varwidth 2009/03/30 ver 0.92;  Variable-width minipages
\@vwid@box=\box62
\sift@deathcycles=\count297
\@vwid@loff=\dimen271
\@vwid@roff=\dimen272
))
(/usr/local/texlive/2019/texmf-dist/tex/latex/amsmath/amsmath.sty
Package: amsmath 2018/12/01 v2.17b AMS math features
\@mathmargin=\skip75

For additional information on amsmath, use the `?' option.
(/usr/local/texlive/2019/texmf-dist/tex/latex/amsmath/amstext.sty
Package: amstext 2000/06/29 v2.01 AMS text

(/usr/local/texlive/2019/texmf-dist/tex/latex/amsmath/amsgen.sty
File: amsgen.sty 1999/11/30 v2.0 generic functions
\@emptytoks=\toks24
\ex@=\dimen273
))
(/usr/local/texlive/2019/texmf-dist/tex/latex/amsmath/amsbsy.sty
Package: amsbsy 1999/11/29 v1.2d Bold Symbols
\pmbraise@=\dimen274
)
(/usr/local/texlive/2019/texmf-dist/tex/latex/amsmath/amsopn.sty
Package: amsopn 2016/03/08 v2.02 operator names
)
\inf@bad=\count298
LaTeX Info: Redefining \frac on input line 223.
\uproot@=\count299
\leftroot@=\count300
LaTeX Info: Redefining \overline on input line 385.
\classnum@=\count301
\DOTSCASE@=\count302
LaTeX Info: Redefining \ldots on input line 482.
LaTeX Info: Redefining \dots on input line 485.
LaTeX Info: Redefining \cdots on input line 606.
\Mathstrutbox@=\box63
\strutbox@=\box64
\big@size=\dimen275
LaTeX Font Info:    Redeclaring font encoding OML on input line 729.
LaTeX Font Info:    Redeclaring font encoding OMS on input line 730.
\macc@depth=\count303
\c@MaxMatrixCols=\count304
\dotsspace@=\muskip18
\c@parentequation=\count305
\dspbrk@lvl=\count306
\tag@help=\toks25
\row@=\count307
\column@=\count308
\maxfields@=\count309
\andhelp@=\toks26
\eqnshift@=\dimen276
\alignsep@=\dimen277
\tagshift@=\dimen278
\tagwidth@=\dimen279
\totwidth@=\dimen280
\lineht@=\dimen281
\@envbody=\toks27
\multlinegap=\skip76
\multlinetaggap=\skip77
\mathdisplay@stack=\toks28
LaTeX Info: Redefining \[ on input line 2844.
LaTeX Info: Redefining \] on input line 2845.
)
(/usr/local/texlive/2019/texmf-dist/tex/latex/amsfonts/amssymb.sty
Package: amssymb 2013/01/14 v3.01 AMS font symbols

(/usr/local/texlive/2019/texmf-dist/tex/latex/amsfonts/amsfonts.sty
Package: amsfonts 2013/01/14 v3.01 Basic AMSFonts support
\symAMSa=\mathgroup4
\symAMSb=\mathgroup5
LaTeX Font Info:    Overwriting math alphabet `\mathfrak' in version `bold'
(Font)                  U/euf/m/n --> U/euf/b/n on input line 106.
))
(/usr/local/texlive/2019/texmf-dist/tex/latex/listings/listings.sty
\lst@mode=\count310
\lst@gtempboxa=\box65
\lst@token=\toks29
\lst@length=\count311
\lst@currlwidth=\dimen282
\lst@column=\count312
\lst@pos=\count313
\lst@lostspace=\dimen283
\lst@width=\dimen284
\lst@newlines=\count314
\lst@lineno=\count315
\lst@maxwidth=\dimen285

(/usr/local/texlive/2019/texmf-dist/tex/latex/listings/lstmisc.sty
File: lstmisc.sty 2019/02/27 1.8b (Carsten Heinz)
\c@lstnumber=\count316
\lst@skipnumbers=\count317
\lst@framebox=\box66
)
(/usr/local/texlive/2019/texmf-dist/tex/latex/listings/listings.cfg
File: listings.cfg 2019/02/27 1.8b listings configuration
))
Package: listings 2019/02/27 1.8b (Carsten Heinz)

(/usr/local/texlive/2019/texmf-dist/tex/latex/listings/lstlang1.sty
File: lstlang1.sty 2019/02/27 1.8b listings language file
)
(/usr/local/texlive/2019/texmf-dist/tex/latex/listings/lstlang1.sty
File: lstlang1.sty 2019/02/27 1.8b listings language file
)
(/usr/local/texlive/2019/texmf-dist/tex/latex/listings/lstmisc.sty
File: lstmisc.sty 2019/02/27 1.8b (Carsten Heinz)
)
(/usr/local/texlive/2019/texmf-dist/tex/xelatex/xecjk/xeCJK-listings.sty
Package: xeCJK-listings 2019/04/07 v3.7.2 xeCJK patch file for listings
\l__xeCJK_listings_max_char_int=\count318
\l__xeCJK_listings_flag_int=\count319
)
(./ComputerNetwork2.aux)
\openout1 = `ComputerNetwork2.aux'.

LaTeX Font Info:    Checking defaults for OML/cmm/m/it on input line 37.
LaTeX Font Info:    ... okay on input line 37.
LaTeX Font Info:    Checking defaults for T1/cmr/m/n on input line 37.
LaTeX Font Info:    ... okay on input line 37.
LaTeX Font Info:    Checking defaults for OT1/cmr/m/n on input line 37.
LaTeX Font Info:    ... okay on input line 37.
LaTeX Font Info:    Checking defaults for OMS/cmsy/m/n on input line 37.
LaTeX Font Info:    ... okay on input line 37.
LaTeX Font Info:    Checking defaults for TU/lmr/m/n on input line 37.
LaTeX Font Info:    ... okay on input line 37.
LaTeX Font Info:    Checking defaults for OMX/cmex/m/n on input line 37.
LaTeX Font Info:    ... okay on input line 37.
LaTeX Font Info:    Checking defaults for U/cmr/m/n on input line 37.
LaTeX Font Info:    ... okay on input line 37.
LaTeX Font Info:    Checking defaults for TS1/cmr/m/n on input line 37.
LaTeX Font Info:    ... okay on input line 37.
LaTeX Font Info:    Checking defaults for PD1/pdf/m/n on input line 37.
LaTeX Font Info:    ... okay on input line 37.
LaTeX Font Info:    Checking defaults for PU/pdf/m/n on input line 37.
LaTeX Font Info:    ... okay on input line 37.
 ABD: EverySelectfont initializing macros
LaTeX Info: Redefining \selectfont on input line 37.

Package fontspec Info: Adjusting the maths setup (use [no-math] to avoid
(fontspec)             this).

\symlegacymaths=\mathgroup6
LaTeX Font Info:    Overwriting symbol font `legacymaths' in version `bold'
(Font)                  OT1/cmr/m/n --> OT1/cmr/bx/n on input line 37.
LaTeX Font Info:    Redeclaring math accent \acute on input line 37.
LaTeX Font Info:    Redeclaring math accent \grave on input line 37.
LaTeX Font Info:    Redeclaring math accent \ddot on input line 37.
LaTeX Font Info:    Redeclaring math accent \tilde on input line 37.
LaTeX Font Info:    Redeclaring math accent \bar on input line 37.
LaTeX Font Info:    Redeclaring math accent \breve on input line 37.
LaTeX Font Info:    Redeclaring math accent \check on input line 37.
LaTeX Font Info:    Redeclaring math accent \hat on input line 37.
LaTeX Font Info:    Redeclaring math accent \dot on input line 37.
LaTeX Font Info:    Redeclaring math accent \mathring on input line 37.
LaTeX Font Info:    Redeclaring math symbol \Gamma on input line 37.
LaTeX Font Info:    Redeclaring math symbol \Delta on input line 37.
LaTeX Font Info:    Redeclaring math symbol \Theta on input line 37.
LaTeX Font Info:    Redeclaring math symbol \Lambda on input line 37.
LaTeX Font Info:    Redeclaring math symbol \Xi on input line 37.
LaTeX Font Info:    Redeclaring math symbol \Pi on input line 37.
LaTeX Font Info:    Redeclaring math symbol \Sigma on input line 37.
LaTeX Font Info:    Redeclaring math symbol \Upsilon on input line 37.
LaTeX Font Info:    Redeclaring math symbol \Phi on input line 37.
LaTeX Font Info:    Redeclaring math symbol \Psi on input line 37.
LaTeX Font Info:    Redeclaring math symbol \Omega on input line 37.
LaTeX Font Info:    Redeclaring math symbol \mathdollar on input line 37.
LaTeX Font Info:    Redeclaring symbol font `operators' on input line 37.
LaTeX Font Info:    Encoding `OT1' has changed to `TU' for symbol font
(Font)              `operators' in the math version `normal' on input line 37.
LaTeX Font Info:    Overwriting symbol font `operators' in version `normal'
(Font)                  OT1/cmr/m/n --> TU/lmr/m/n on input line 37.
LaTeX Font Info:    Encoding `OT1' has changed to `TU' for symbol font
(Font)              `operators' in the math version `bold' on input line 37.
LaTeX Font Info:    Overwriting symbol font `operators' in version `bold'
(Font)                  OT1/cmr/bx/n --> TU/lmr/m/n on input line 37.
LaTeX Font Info:    Overwriting symbol font `operators' in version `normal'
(Font)                  TU/lmr/m/n --> TU/lmr/m/n on input line 37.
LaTeX Font Info:    Overwriting math alphabet `\mathit' in version `normal'
(Font)                  OT1/cmr/m/it --> TU/lmr/m/it on input line 37.
LaTeX Font Info:    Overwriting math alphabet `\mathbf' in version `normal'
(Font)                  OT1/cmr/bx/n --> TU/lmr/bx/n on input line 37.
LaTeX Font Info:    Overwriting math alphabet `\mathsf' in version `normal'
(Font)                  OT1/cmss/m/n --> TU/lmss/m/n on input line 37.
LaTeX Font Info:    Overwriting math alphabet `\mathtt' in version `normal'
(Font)                  OT1/cmtt/m/n --> TU/pcr/m/n on input line 37.
LaTeX Font Info:    Overwriting symbol font `operators' in version `bold'
(Font)                  TU/lmr/m/n --> TU/lmr/bx/n on input line 37.
LaTeX Font Info:    Overwriting math alphabet `\mathit' in version `bold'
(Font)                  OT1/cmr/bx/it --> TU/lmr/bx/it on input line 37.
LaTeX Font Info:    Overwriting math alphabet `\mathsf' in version `bold'
(Font)                  OT1/cmss/bx/n --> TU/lmss/bx/n on input line 37.
LaTeX Font Info:    Overwriting math alphabet `\mathtt' in version `bold'
(Font)                  OT1/cmtt/m/n --> TU/pcr/bx/n on input line 37.
\AtBeginShipoutBox=\box67
Package hyperref Info: Link coloring ON on input line 37.

(/usr/local/texlive/2019/texmf-dist/tex/latex/hyperref/nameref.sty
Package: nameref 2016/05/21 v2.44 Cross-referencing by name of section

(/usr/local/texlive/2019/texmf-dist/tex/generic/oberdiek/gettitlestring.sty
Package: gettitlestring 2016/05/16 v1.5 Cleanup title references (HO)
)
\c@section@level=\count320
)
LaTeX Info: Redefining \ref on input line 37.
LaTeX Info: Redefining \pageref on input line 37.
LaTeX Info: Redefining \nameref on input line 37.

(./ComputerNetwork2.out) (./ComputerNetwork2.out)
\@outlinefile=\write3
\openout3 = `ComputerNetwork2.out'.

\c@lstlisting=\count321
LaTeX Font Info:    Try loading font information for U+msa on input line 39.

(/usr/local/texlive/2019/texmf-dist/tex/latex/amsfonts/umsa.fd
File: umsa.fd 2013/01/14 v3.01 AMS symbols A
)
LaTeX Font Info:    Try loading font information for U+msb on input line 39.

(/usr/local/texlive/2019/texmf-dist/tex/latex/amsfonts/umsb.fd
File: umsb.fd 2013/01/14 v3.01 AMS symbols B
)
File: images/6-1-1.png Graphic file (type bmp)
<images/6-1-1.png>


LaTeX Warning: `!h' float specifier changed to `!ht'.

File: images/6-1-2.png Graphic file (type bmp)
<images/6-1-2.png>

LaTeX Warning: `!h' float specifier changed to `!ht'.

[1

]
File: images/6-1-3.png Graphic file (type bmp)
<images/6-1-3.png>
 [2]
File: images/6-1-4.png Graphic file (type bmp)
<images/6-1-4.png>
File: images/6-1-5.png Graphic file (type bmp)
<images/6-1-5.png>


LaTeX Warning: `!h' float specifier changed to `!ht'.

File: images/6-1-6.png Graphic file (type bmp)
<images/6-1-6.png>

LaTeX Warning: `!h' float specifier changed to `!ht'.

[3] [4]
File: images/6-1-7.png Graphic file (type bmp)
<images/6-1-7.png>
 [5]
File: images/6-2-1.png Graphic file (type bmp)
<images/6-2-1.png>
 [6]
File: images/6-2-2.png Graphic file (type bmp)
<images/6-2-2.png>
File: images/6-2-3.png Graphic file (type bmp)
<images/6-2-3.png>


LaTeX Warning: `!h' float specifier changed to `!ht'.

[7]
File: images/6-2-4.png Graphic file (type bmp)
<images/6-2-4.png>
File: images/6-2-5.png Graphic file (type bmp)
<images/6-2-5.png>
 [8]
File: images/6-3-1.png Graphic file (type bmp)
<images/6-3-1.png>
 [9]
File: images/6-3-2.png Graphic file (type bmp)
<images/6-3-2.png>


LaTeX Warning: `!h' float specifier changed to `!ht'.

[10]
File: images/6-3-3.png Graphic file (type bmp)
<images/6-3-3.png>
 [11]
File: images/6-3-4.png Graphic file (type bmp)
<images/6-3-4.png>
File: images/6-3-5.png Graphic file (type bmp)
<images/6-3-5.png>


LaTeX Warning: `!h' float specifier changed to `!ht'.

File: images/6-3-6.png Graphic file (type bmp)
<images/6-3-6.png>

LaTeX Warning: `!h' float specifier changed to `!ht'.

[12] [13]
File: images/6-4-1.png Graphic file (type bmp)
<images/6-4-1.png>
 [14]
File: images/6-4-2.png Graphic file (type bmp)
<images/6-4-2.png>
File: images/6-4-3.png Graphic file (type bmp)
<images/6-4-3.png>


LaTeX Warning: `!h' float specifier changed to `!ht'.

File: images/6-4-4.png Graphic file (type bmp)
<images/6-4-4.png>

LaTeX Warning: `!h' float specifier changed to `!ht'.

File: images/6-4-5.png Graphic file (type bmp)
<images/6-4-5.png>

LaTeX Warning: `!h' float specifier changed to `!ht'.

[15]
File: images/6-4-6.png Graphic file (type bmp)
<images/6-4-6.png>

Overfull \hbox (4.1902pt too wide) in paragraph at lines 486--487
 [][] 
 []


LaTeX Warning: `!h' float specifier changed to `!ht'.

[16] [17]
File: images/6-5-1.png Graphic file (type bmp)
<images/6-5-1.png>
File: images/6-5-2.png Graphic file (type bmp)
<images/6-5-2.png>


LaTeX Warning: `!h' float specifier changed to `!ht'.

[18]
File: images/6-5-3.png Graphic file (type bmp)
<images/6-5-3.png>


LaTeX Warning: `!h' float specifier changed to `!ht'.

[19] [20]
File: images/6-5-4.png Graphic file (type bmp)
<images/6-5-4.png>
File: images/6-5-5.png Graphic file (type bmp)
<images/6-5-5.png>
File: images/6-5-6.png Graphic file (type bmp)
<images/6-5-6.png>


LaTeX Warning: `!h' float specifier changed to `!ht'.

[21] [22]
File: images/6-5-7.png Graphic file (type bmp)
<images/6-5-7.png>
 [23]
File: images/6-5-8.png Graphic file (type bmp)
<images/6-5-8.png>


LaTeX Warning: `!h' float specifier changed to `!ht'.

File: images/6-6-1.png Graphic file (type bmp)
<images/6-6-1.png>

LaTeX Warning: `!h' float specifier changed to `!ht'.

[24]
File: images/6-6-2.png Graphic file (type bmp)
<images/6-6-2.png>


LaTeX Warning: `!h' float specifier changed to `!ht'.

[25]
File: images/6-6-3.png Graphic file (type bmp)
<images/6-6-3.png>
File: images/6-6-4.png Graphic file (type bmp)
<images/6-6-4.png>


LaTeX Warning: `!h' float specifier changed to `!ht'.

File: images/6-6-5.png Graphic file (type bmp)
<images/6-6-5.png>

LaTeX Warning: `!h' float specifier changed to `!ht'.

[26]
File: images/6-6-6.png Graphic file (type bmp)
<images/6-6-6.png>
 [27]
File: images/6-6-7.png Graphic file (type bmp)
<images/6-6-7.png>
File: images/6-6-8.png Graphic file (type bmp)
<images/6-6-8.png>
 [28]
File: images/6-6-9.png Graphic file (type bmp)
<images/6-6-9.png>
File: images/6-7-1.png Graphic file (type bmp)
<images/6-7-1.png>


LaTeX Warning: `!h' float specifier changed to `!ht'.

[29]
File: images/6-7-2.png Graphic file (type bmp)
<images/6-7-2.png>
 [30]
File: images/6-7-3.png Graphic file (type bmp)
<images/6-7-3.png>
File: images/6-7-4.png Graphic file (type bmp)
<images/6-7-4.png>


LaTeX Warning: `!h' float specifier changed to `!ht'.

[31]
File: images/6-7-5.png Graphic file (type bmp)
<images/6-7-5.png>
 [32] [33]
File: images/6-8-1.png Graphic file (type bmp)
<images/6-8-1.png>

Overfull \hbox (21.75659pt too wide) in paragraph at lines 1010--1011
 [][] 
 []

File: images/6-8-2.png Graphic file (type bmp)
<images/6-8-2.png>

LaTeX Warning: `!h' float specifier changed to `!ht'.

[34]
File: images/6-8-3.png Graphic file (type bmp)
<images/6-8-3.png>
 [35]
File: images/6-8-4.png Graphic file (type bmp)
<images/6-8-4.png>
File: images/6-8-5.png Graphic file (type bmp)
<images/6-8-5.png>


LaTeX Warning: `!h' float specifier changed to `!ht'.

[36] [37]
File: images/7-1-1.png Graphic file (type bmp)
<images/7-1-1.png>
File: images/7-1-2.png Graphic file (type bmp)
<images/7-1-2.png>
 [38]
File: images/7-1-3.png Graphic file (type bmp)
<images/7-1-3.png>

Overfull \hbox (6.29817pt too wide) in paragraph at lines 1169--1170
 [][] 
 []

[39] [40] [41]
File: images/7-2-1.png Graphic file (type bmp)
<images/7-2-1.png>
File: images/7-2-2.png Graphic file (type bmp)
<images/7-2-2.png>


LaTeX Warning: `!h' float specifier changed to `!ht'.

[42]
File: images/7-2-3.png Graphic file (type bmp)
<images/7-2-3.png>
 [43]
File: images/7-2-4.png Graphic file (type bmp)
<images/7-2-4.png>
File: images/7-2-5.png Graphic file (type bmp)
<images/7-2-5.png>
 [44]
File: images/7-2-6.png Graphic file (type bmp)
<images/7-2-6.png>


LaTeX Warning: `!h' float specifier changed to `!ht'.

File: images/7-2-7.png Graphic file (type bmp)
<images/7-2-7.png>

LaTeX Warning: `!h' float specifier changed to `!ht'.

File: images/7-2-8.png Graphic file (type bmp)
<images/7-2-8.png>

LaTeX Warning: `!h' float specifier changed to `!ht'.

[45]

LaTeX Warning: Text page 46 contains only floats.

[46]
File: images/7-2-9.png Graphic file (type bmp)
<images/7-2-9.png>
File: images/7-2-10.png Graphic file (type bmp)
<images/7-2-10.png>

Overfull \hbox (12.62206pt too wide) in paragraph at lines 1435--1436
 [][] 
 []


LaTeX Warning: `!h' float specifier changed to `!ht'.

File: images/7-3-1.png Graphic file (type bmp)
<images/7-3-1.png>

LaTeX Warning: `!h' float specifier changed to `!ht'.

[47] [48] [49]
File: images/7-3-2.png Graphic file (type bmp)
<images/7-3-2.png>
File: images/7-3-3.png Graphic file (type bmp)
<images/7-3-3.png>


LaTeX Warning: `!h' float specifier changed to `!ht'.

File: images/7-3-4.png Graphic file (type bmp)
<images/7-3-4.png>

LaTeX Warning: `!h' float specifier changed to `!ht'.

File: images/7-3-5.png Graphic file (type bmp)
<images/7-3-5.png>
[50]

LaTeX Warning: `!h' float specifier changed to `!ht'.

[51]
File: images/7-3-6.png Graphic file (type bmp)
<images/7-3-6.png>

Overfull \hbox (36.51237pt too wide) in paragraph at lines 1598--1599
 [][] 
 []

[52]
File: images/7-4-1.png Graphic file (type bmp)
<images/7-4-1.png>


LaTeX Warning: `!h' float specifier changed to `!ht'.

[53]
File: images/7-4-2.png Graphic file (type bmp)
<images/7-4-2.png>

Overfull \hbox (26.67519pt too wide) in paragraph at lines 1675--1676
 [][] 
 []

[54]
File: images/7-4-3.png Graphic file (type bmp)
<images/7-4-3.png>

Overfull \hbox (32.29643pt too wide) in paragraph at lines 1684--1685
 [][] 
 []


LaTeX Warning: `!h' float specifier changed to `!ht'.

File: images/7-5-1.png Graphic file (type bmp)
<images/7-5-1.png>

LaTeX Warning: `!h' float specifier changed to `!ht'.

[55]
File: images/7-5-2.png Graphic file (type bmp)
<images/7-5-2.png>


LaTeX Warning: `!h' float specifier changed to `!ht'.

[56]
File: images/7-5-3.png Graphic file (type bmp)
<images/7-5-3.png>

Overfull \hbox (19.64864pt too wide) in paragraph at lines 1730--1731
 [][] 
 []

File: images/7-5-4.png Graphic file (type bmp)
<images/7-5-4.png>

Overfull \hbox (11.21677pt too wide) in paragraph at lines 1740--1741
 [][] 
 []


LaTeX Warning: `!h' float specifier changed to `!ht'.

File: images/7-5-5.png Graphic file (type bmp)
<images/7-5-5.png>

Overfull \hbox (20.3513pt too wide) in paragraph at lines 1750--1751
 [][] 
 []


LaTeX Warning: `!h' float specifier changed to `!ht'.

File: images/7-5-6.png Graphic file (type bmp)
<images/7-5-6.png>

Overfull \hbox (25.2699pt too wide) in paragraph at lines 1763--1764
 [][] 
 []


LaTeX Warning: `!h' float specifier changed to `!ht'.

[57] [58]
File: images/7-6-1.png Graphic file (type bmp)
<images/7-6-1.png>
 [59]
File: images/7-6-2.png Graphic file (type bmp)
<images/7-6-2.png>


LaTeX Warning: `!h' float specifier changed to `!ht'.

[60]
File: images/7-6-3.png Graphic file (type bmp)
<images/7-6-3.png>
 [61]
File: images/7-6-4.png Graphic file (type bmp)
<images/7-6-4.png>

Overfull \hbox (12.62206pt too wide) in paragraph at lines 1871--1872
 [][] 
 []

File: images/7-6-5.png Graphic file (type bmp)
<images/7-6-5.png>

LaTeX Warning: `!h' float specifier changed to `!ht'.

[62]
Overfull \hbox (1.69876pt too wide) in paragraph at lines 1919--1920
[]\TU/lmr/m/n/12 Timeouts are sufficiently long that the ACK clock will have ru
n down(\TU/FandolSong-Regular(0)/m/n/12 撞
 []

[63]
File: images/7-7-1.png Graphic file (type bmp)
<images/7-7-1.png>
 [64]
File: images/7-7-2.png Graphic file (type bmp)
<images/7-7-2.png>
File: images/7-7-3.png Graphic file (type bmp)
<images/7-7-3.png>

Overfull \hbox (95.5355pt too wide) in paragraph at lines 1989--1990
 [][] 
 []


LaTeX Warning: `!h' float specifier changed to `!ht'.

[65] [66]
File: images/7-7-4.png Graphic file (type bmp)
<images/7-7-4.png>
File: images/7-7-5.png Graphic file (type bmp)
<images/7-7-5.png>

Overfull \hbox (111.69662pt too wide) in paragraph at lines 2031--2032
 [][] 
 []


LaTeX Warning: `!h' float specifier changed to `!ht'.

File: images/7-7-6.png Graphic file (type bmp)
<images/7-7-6.png>

Overfull \hbox (73.05052pt too wide) in paragraph at lines 2051--2052
 [][] 
 []

[67] [68]
File: images/7-8-1.png Graphic file (type bmp)
<images/7-8-1.png>
 [69]
File: images/7-8-2.png Graphic file (type bmp)
<images/7-8-2.png>

Overfull \hbox (73.75316pt too wide) in paragraph at lines 2114--2115
 [][] 
 []

File: images/7-8-3.png Graphic file (type bmp)
<images/7-8-3.png>

Overfull \hbox (62.5107pt too wide) in paragraph at lines 2130--2131
 [][] 
 []

[70] [71]
File: images/8-1-1.png Graphic file (type bmp)
<images/8-1-1.png>
File: images/8-1-2.png Graphic file (type bmp)
<images/8-1-2.png>


LaTeX Warning: `!h' float specifier changed to `!ht'.

File: images/8-1-3.png Graphic file (type bmp)
<images/8-1-3.png>

Overfull \hbox (49.16019pt too wide) in paragraph at lines 2199--2200
 [][] 
 []


LaTeX Warning: `!h' float specifier changed to `!ht'.

[72]
File: images/8-1-4.png Graphic file (type bmp)
<images/8-1-4.png>

Overfull \hbox (38.62035pt too wide) in paragraph at lines 2212--2213
 [][] 
 []


LaTeX Warning: `!h' float specifier changed to `!ht'.

[73] [74]
File: images/8-1-5.png Graphic file (type bmp)
<images/8-1-5.png>

Overfull \hbox (103.26472pt too wide) in paragraph at lines 2254--2255
 [][] 
 []

[75]
File: images/8-2-1.png Graphic file (type bmp)
<images/8-2-1.png>


LaTeX Warning: `!h' float specifier changed to `!ht'.

[76]
File: images/8-2-2.png Graphic file (type bmp)
<images/8-2-2.png>

Overfull \hbox (53.37614pt too wide) in paragraph at lines 2322--2323
 [][] 
 []

[77]
File: images/8-2-3.png Graphic file (type bmp)
<images/8-2-3.png>

Overfull \hbox (67.42928pt too wide) in paragraph at lines 2363--2364
 [][] 
 []


LaTeX Warning: `!h' float specifier changed to `!ht'.

[78]
File: images/8-2-4.png Graphic file (type bmp)
<images/8-2-4.png>

Overfull \hbox (77.26646pt too wide) in paragraph at lines 2398--2399
 [][] 
 []


LaTeX Warning: `!h' float specifier changed to `!ht'.

[79]
Missing character: There is no 繫 in font [FandolSong-Regular.otf]/OT!
File: images/8-2-5.png Graphic file (type bmp)
<images/8-2-5.png>

Overfull \hbox (37.21503pt too wide) in paragraph at lines 2424--2425
 [][] 
 []

[80]
File: images/8-2-6.png Graphic file (type bmp)
<images/8-2-6.png>
 [81]
File: images/8-3-1.png Graphic file (type bmp)
<images/8-3-1.png>

Overfull \hbox (22.45924pt too wide) in paragraph at lines 2457--2458
 [][] 
 []

[82]
File: images/8-3-2.png Graphic file (type bmp)
<images/8-3-2.png>

Overfull \hbox (14.73003pt too wide) in paragraph at lines 2474--2475
 [][] 
 []

[83]
File: images/8-3-3.png Graphic file (type bmp)
<images/8-3-3.png>
File: images/8-3-4.png Graphic file (type bmp)
<images/8-3-4.png>

Overfull \hbox (58.29472pt too wide) in paragraph at lines 2530--2531
 [][] 
 []


LaTeX Warning: `!h' float specifier changed to `!ht'.

[84]
Overfull \hbox (274.53201pt too wide) in paragraph at lines 2563--2564
[]\TU/lmr/m/n/12 Most servers are reached by $[]$
 []

[85]
File: images/8-3-5.png Graphic file (type bmp)
<images/8-3-5.png>
File: images/8-3-6.png Graphic file (type bmp)
<images/8-3-6.png>


LaTeX Warning: `!h' float specifier changed to `!ht'.

[86]
File: images/8-4-1.png Graphic file (type bmp)
<images/8-4-1.png>
 [87]
File: images/8-4-2.png Graphic file (type bmp)
<images/8-4-2.png>
File: images/8-4-3.png Graphic file (type bmp)
<images/8-4-3.png>
 [88]
File: images/8-4-4.png Graphic file (type bmp)
<images/8-4-4.png>
 [89]
File: images/8-4-5.png Graphic file (type bmp)
<images/8-4-5.png>
File: images/8-4-6.png Graphic file (type bmp)
<images/8-4-6.png>

Overfull \hbox (37.91771pt too wide) in paragraph at lines 2721--2722
 [][] 
 []


LaTeX Warning: `!h' float specifier changed to `!ht'.

[90]
File: images/8-4-7.png Graphic file (type bmp)
<images/8-4-7.png>

Overfull \hbox (40.72833pt too wide) in paragraph at lines 2747--2748
 [][] 
 []

[91]
File: images/8-4-8.png Graphic file (type bmp)
<images/8-4-8.png>

Overfull \hbox (31.5938pt too wide) in paragraph at lines 2760--2761
 [][] 
 []

[92]
File: images/8-5-1.png Graphic file (type bmp)
<images/8-5-1.png>
 [93]
Overfull \hbox (1.60645pt too wide) in paragraph at lines 2845--2846
[]\TU/lmr/m/n/12 Server is unchanged; already handled concurrent requests for m
any
 []

[94]
File: images/8-5-2.png Graphic file (type bmp)
<images/8-5-2.png>
 [95]
File: images/8-6-1.png Graphic file (type bmp)
<images/8-6-1.png>
File: images/8-6-2.png Graphic file (type bmp)
<images/8-6-2.png>


LaTeX Warning: `!h' float specifier changed to `!ht'.

[96]
Missing character: There is no 啟 in font [FandolSong-Regular.otf]/OT!
File: images/8-6-3.png Graphic file (type bmp)
<images/8-6-3.png>

Overfull \hbox (58.29472pt too wide) in paragraph at lines 2949--2950
 [][] 
 []


LaTeX Warning: `!h' float specifier changed to `!ht'.

[97]
File: images/8-6-4.png Graphic file (type bmp)
<images/8-6-4.png>


LaTeX Warning: `!h' float specifier changed to `!ht'.


Overfull \hbox (37.33443pt too wide) in paragraph at lines 2980--2980
[]\TU/lmr/bx/n/17.28 Week 8.7 - Content Delivery Networks (CDNs) 
 []

File: images/8-7-1.png Graphic file (type bmp)
<images/8-7-1.png>
[98] [99]
File: images/8-7-2.png Graphic file (type bmp)
<images/8-7-2.png>
File: images/8-7-3.png Graphic file (type bmp)
<images/8-7-3.png>


LaTeX Warning: `!h' float specifier changed to `!ht'.

[100]
File: images/8-7-4.png Graphic file (type bmp)
<images/8-7-4.png>
 [101]
File: images/8-7-5.png Graphic file (type bmp)
<images/8-7-5.png>
File: images/8-7-6.png Graphic file (type bmp)
<images/8-7-6.png>


LaTeX Warning: `!h' float specifier changed to `!ht'.

[102]
File: images/8-7-7.png Graphic file (type bmp)
<images/8-7-7.png>
 [103]
File: images/8-8-1.png Graphic file (type bmp)
<images/8-8-1.png>

Overfull \hbox (64.61862pt too wide) in paragraph at lines 3131--3132
 [][] 
 []

File: images/8-8-2.png Graphic file (type bmp)
<images/8-8-2.png>

LaTeX Warning: `!h' float specifier changed to `!ht'.

File: images/8-8-3.png Graphic file (type bmp)
<images/8-8-3.png>

Overfull \hbox (49.16019pt too wide) in paragraph at lines 3161--3162
 [][] 
 []


LaTeX Warning: `!h' float specifier changed to `!ht'.

[104] [105] [106]
File: images/8-9-1.png Graphic file (type bmp)
<images/8-9-1.png>
 [107]
Overfull \hbox (9.8288pt too wide) in paragraph at lines 3283--3284
[]\TU/lmr/m/n/12 Communication must be $[]$ and self-organizing, not client-
 []

[108]
File: images/8-9-2.png Graphic file (type bmp)
<images/8-9-2.png>
File: images/8-9-3.png Graphic file (type bmp)
<images/8-9-3.png>


LaTeX Warning: `!h' float specifier changed to `!ht'.

[109] [110]
File: images/8-9-4.png Graphic file (type bmp)
<images/8-9-4.png>


LaTeX Warning: `!h' float specifier changed to `!ht'.

File: images/8-9-5.png Graphic file (type bmp)
<images/8-9-5.png>

LaTeX Warning: `!h' float specifier changed to `!ht'.

File: images/8-9-6.png Graphic file (type bmp)
<images/8-9-6.png>

LaTeX Warning: `!h' float specifier changed to `!ht'.

[111] [112]
File: images/9-1-1.png Graphic file (type bmp)
<images/9-1-1.png>


LaTeX Warning: `!h' float specifier changed to `!ht'.

[113]
File: images/9-1-2.png Graphic file (type bmp)
<images/9-1-2.png>
 [114]
File: images/9-1-3.png Graphic file (type bmp)
<images/9-1-3.png>
File: images/9-1-4.png Graphic file (type bmp)
<images/9-1-4.png>


LaTeX Warning: `!h' float specifier changed to `!ht'.

[115]
File: images/9-1-5.png Graphic file (type bmp)
<images/9-1-5.png>
File: images/9-1-6.png Graphic file (type bmp)
<images/9-1-6.png>
 [116]
File: images/9-1-7.png Graphic file (type bmp)
<images/9-1-7.png>

Overfull \hbox (31.5938pt too wide) in paragraph at lines 3585--3586
 [][] 
 []


LaTeX Warning: `!h' float specifier changed to `!ht'.

[117] [118]
File: images/9-2-1.png Graphic file (type bmp)
<images/9-2-1.png>
 [119]
File: images/9-2-2.png Graphic file (type bmp)
<images/9-2-2.png>
File: images/9-2-3.png Graphic file (type bmp)
<images/9-2-3.png>
 [120]
File: images/9-2-4.png Graphic file (type bmp)
<images/9-2-4.png>
File: images/9-2-5.png Graphic file (type bmp)
<images/9-2-5.png>
 [121]
File: images/9-2-6.png Graphic file (type bmp)
<images/9-2-6.png>
Missing character: There is no 決 in font [FandolSong-Regular.otf]/OT!
File: images/9-2-7.png Graphic file (type bmp)
<images/9-2-7.png>
File: images/9-2-8.png Graphic file (type bmp)
<images/9-2-8.png>


LaTeX Warning: `!h' float specifier changed to `!ht'.

[122] [123]
File: images/9-2-9.png Graphic file (type bmp)
<images/9-2-9.png>
 [124]
File: images/9-2-10.png Graphic file (type bmp)
<images/9-2-10.png>
 [125]
File: images/9-3-1.png Graphic file (type bmp)
<images/9-3-1.png>
File: images/9-3-2.png Graphic file (type bmp)
<images/9-3-2.png>


LaTeX Warning: `!h' float specifier changed to `!ht'.

File: images/9-3-3.png Graphic file (type bmp)
<images/9-3-3.png>

LaTeX Warning: `!h' float specifier changed to `!ht'.

[126]
File: images/9-3-4.png Graphic file (type bmp)
<images/9-3-4.png>

Overfull \hbox (40.02568pt too wide) in paragraph at lines 3876--3877
 [][] 
 []


LaTeX Warning: `!h' float specifier changed to `!ht'.

[127] [128]
File: images/9-3-5.png Graphic file (type bmp)
<images/9-3-5.png>
File: images/9-3-6.png Graphic file (type bmp)
<images/9-3-6.png>
 [129]
File: images/9-4-1.png Graphic file (type bmp)
<images/9-4-1.png>


LaTeX Warning: `!h' float specifier changed to `!ht'.

[130]
File: images/9-4-2.png Graphic file (type bmp)
<images/9-4-2.png>
 [131]
File: images/9-4-3.png Graphic file (type bmp)
<images/9-4-3.png>
File: images/9-4-4.png Graphic file (type bmp)
<images/9-4-4.png>
 [132]
Overfull \hbox (12.07329pt too wide) detected at line 4065
[]
 []


Overfull \hbox (30.0pt too wide) detected at line 4065
[]
 []

File: images/9-4-5.png Graphic file (type bmp)
<images/9-4-5.png>

Overfull \hbox (3.48755pt too wide) in paragraph at lines 4071--4072
 [][] 
 []


LaTeX Warning: `!h' float specifier changed to `!ht'.

[133]
File: images/9-4-6.png Graphic file (type bmp)
<images/9-4-6.png>
Missing character: There is no 決 in font [FandolSong-Regular.otf]/OT!
File: images/9-4-7.png Graphic file (type bmp)
<images/9-4-7.png>

Overfull \hbox (29.4858pt too wide) in paragraph at lines 4102--4103
 [][] 
 []


LaTeX Warning: `!h' float specifier changed to `!ht'.

[134]
File: images/9-5-1.png Graphic file (type bmp)
<images/9-5-1.png>


LaTeX Warning: `!h' float specifier changed to `!ht'.

[135]
File: images/9-5-2.png Graphic file (type bmp)
<images/9-5-2.png>


LaTeX Warning: `!h' float specifier changed to `!ht'.

[136]
File: images/9-5-3.png Graphic file (type bmp)
<images/9-5-3.png>


LaTeX Warning: `!h' float specifier changed to `!ht'.

File: images/9-5-4.png Graphic file (type bmp)
<images/9-5-4.png>

LaTeX Warning: `!h' float specifier changed to `!ht'.

[137] [138]
File: images/9-6-1.png Graphic file (type bmp)
<images/9-6-1.png>


LaTeX Warning: `!h' float specifier changed to `!ht'.

[139]
File: images/9-6-2.png Graphic file (type bmp)
<images/9-6-2.png>

Overfull \hbox (4.64401pt too wide) in paragraph at lines 4290--4291
[]\TU/lmr/m/n/12 Have a few kinds of network service (GOLD, SILVER, BRONZE(\TU/
FandolSong-Regular(0)/m/n/12 青
 []

[140]
Overfull \hbox (0.20132pt too wide) in paragraph at lines 4298--4299
[]\TU/lmr/m/n/12 2.[] Network policies traffic levels at boundary(\TU/FandolSon
g-Regular(0)/m/n/12 邊 界\TU/lmr/m/n/12 ) (token bucket) 
 []

File: images/9-6-3.png Graphic file (type bmp)
<images/9-6-3.png>

Package hyperref Warning: Token not allowed in a PDF string (Unicode):
(hyperref)                removing `\@ifnextchar' on input line 4311.

File: images/9-6-4.png Graphic file (type bmp)
<images/9-6-4.png>

LaTeX Warning: `!h' float specifier changed to `!ht'.

File: images/9-6-5.png Graphic file (type bmp)
<images/9-6-5.png>

Overfull \hbox (10.51413pt too wide) in paragraph at lines 4334--4335
 [][] 
 []


LaTeX Warning: `!h' float specifier changed to `!ht'.

[141]

Package hyperref Warning: Token not allowed in a PDF string (Unicode):
(hyperref)                removing `\@ifnextchar' on input line 4353.

[142]
Overfull \hbox (3.69978pt too wide) in paragraph at lines 4363--4364
[]\TU/lmr/m/n/12 Can demote ”out of profile”(\TU/FandolSong-Regular(0)/m/n/12 不
 在 个 人 资 料 中\TU/lmr/m/n/12 ) traffic by re-marking
 []

File: images/9-6-6.png Graphic file (type bmp)
<images/9-6-6.png>

Package hyperref Warning: Token not allowed in a PDF string (Unicode):
(hyperref)                removing `\@ifnextchar' on input line 4375.

File: images/9-6-7.png Graphic file (type bmp)
<images/9-6-7.png>

LaTeX Warning: `!h' float specifier changed to `!ht'.

[143]
File: images/9-7-1.png Graphic file (type bmp)
<images/9-7-1.png>


LaTeX Warning: `!h' float specifier changed to `!ht'.

[144]
File: images/9-7-2.png Graphic file (type bmp)
<images/9-7-2.png>
 [145]
File: images/9-7-3.png Graphic file (type bmp)
<images/9-7-3.png>
File: images/9-7-4.png Graphic file (type bmp)
<images/9-7-4.png>


LaTeX Warning: `!h' float specifier changed to `!ht'.

File: images/9-7-5.png Graphic file (type bmp)
<images/9-7-5.png>
[146] [147]
File: images/9-7-6.png Graphic file (type bmp)
<images/9-7-6.png>
File: images/9-7-7.png Graphic file (type bmp)
<images/9-7-7.png>
 [148] [149]
File: images/9-7-8.png Graphic file (type bmp)
<images/9-7-8.png>
 [150]
File: images/10-1-1.png Graphic file (type bmp)
<images/10-1-1.png>
 [151]
Overfull \hbox (0.64574pt too wide) in paragraph at lines 4675--4675
[]|\TU/lmr/m/n/12 Eavesdropper(\TU/FandolSong-Regular(0)/m/n/12 窃
 []


Underfull \hbox (badness 10000) in paragraph at lines 4677--4677
[]|\TU/lmr/m/n/12 Intruder(\TU/FandolSong-Regular(0)/m/n/12 入 侵
 []


Underfull \hbox (badness 10000) in paragraph at lines 4677--4677
[]|\TU/lmr/m/n/12 Compromised(\TU/FandolSong-Regular(0)/m/n/12 損 害\TU/lmr/m/n/1
2 )
 []


Underfull \hbox (badness 10000) in paragraph at lines 4677--4678
[]|\TU/lmr/m/n/12 Tamper(\TU/FandolSong-Regular(0)/m/n/12 篡 改\TU/lmr/m/n/12 ) w
ith
 []


Underfull \hbox (badness 10000) in paragraph at lines 4679--4679
[]|\TU/lmr/m/n/12 Impersonator(\TU/FandolSong-Regular(0)/m/n/12 假
 []


Underfull \hbox (badness 4001) in paragraph at lines 4679--4679
[]|\TU/lmr/m/n/12 Remote social engi-
 []


Underfull \hbox (badness 10000) in paragraph at lines 4681--4681
[]|\TU/lmr/m/n/12 Extortionist(\TU/FandolSong-Regular(0)/m/n/12 勒
 []

[152]
File: images/10-1-2.png Graphic file (type bmp)
<images/10-1-2.png>
 [153] [154] [155]
File: images/10-2-1.png Graphic file (type bmp)
<images/10-2-1.png>
File: images/10-2-2.png Graphic file (type bmp)
<images/10-2-2.png>


LaTeX Warning: `!h' float specifier changed to `!ht'.

[156]
File: images/10-2-3.png Graphic file (type bmp)
<images/10-2-3.png>
Missing character: There is no 腳 in font [FandolSong-Regular.otf]/OT!
 [157]
File: images/10-2-4.png Graphic file (type bmp)
<images/10-2-4.png>

Overfull \hbox (1.37958pt too wide) in paragraph at lines 4899--4900
 [][] 
 []

[158]
File: images/10-2-5.png Graphic file (type bmp)
<images/10-2-5.png>
 [159]
File: images/10-2-6.png Graphic file (type bmp)
<images/10-2-6.png>

Overfull \hbox (14.09981pt too wide) in paragraph at lines 4978--4979
[]\TU/lmr/m/n/12 Encrypting information to provide authenticity(\TU/FandolSong-
Regular(0)/m/n/12 真 实 性\TU/lmr/m/n/12 ) (=correct sender)
 []

[160]
File: images/10-3-1.png Graphic file (type bmp)
<images/10-3-1.png>
 [161]
File: images/10-3-2.png Graphic file (type bmp)
<images/10-3-2.png>
File: images/10-3-3.png Graphic file (type bmp)
<images/10-3-3.png>


LaTeX Warning: `!h' float specifier changed to `!ht'.

[162]
File: images/10-3-4.png Graphic file (type bmp)
<images/10-3-4.png>
File: images/10-3-5.png Graphic file (type bmp)
<images/10-3-5.png>


LaTeX Warning: `!h' float specifier changed to `!ht'.

[163]
File: images/10-3-6.png Graphic file (type bmp)
<images/10-3-6.png>

Overfull \hbox (20.452pt too wide) in paragraph at lines 5095--5096
[]\TU/lmr/m/n/12 Deterministically(\TU/FandolSong-Regular(0)/m/n/12 确 定 性 地\TU/
lmr/m/n/12 ) mangles(\TU/FandolSong-Regular(0)/m/n/12 撕 裂\TU/lmr/m/n/12 ) bits 
to pseudo-random(\TU/FandolSong-Regular(0)/m/n/12 伪
 []

File: images/10-3-7.png Graphic file (type bmp)
<images/10-3-7.png>
[164]
File: images/10-3-8.png Graphic file (type bmp)
<images/10-3-8.png>


LaTeX Warning: `!h' float specifier changed to `!ht'.

[165]
File: images/10-3-9.png Graphic file (type bmp)
<images/10-3-9.png>


LaTeX Warning: `!h' float specifier changed to `!ht'.

[166]
File: images/10-4-1.png Graphic file (type bmp)
<images/10-4-1.png>
 [167]
File: images/10-4-2.png Graphic file (type bmp)
<images/10-4-2.png>
 [168]
File: images/10-4-3.png Graphic file (type bmp)
<images/10-4-3.png>

Overfull \hbox (32.29643pt too wide) in paragraph at lines 5253--5254
 [][] 
 []

File: images/10-4-4.png Graphic file (type bmp)
<images/10-4-4.png>

LaTeX Warning: `!h' float specifier changed to `!ht'.

[169] [170]
File: images/10-4-5.png Graphic file (type bmp)
<images/10-4-5.png>

Overfull \hbox (30.18849pt too wide) in paragraph at lines 5300--5301
 [][] 
 []

File: images/10-4-6.png Graphic file (type bmp)
<images/10-4-6.png>

LaTeX Warning: `!h' float specifier changed to `!ht'.

[171] [172]
File: images/10-5-1.png Graphic file (type bmp)
<images/10-5-1.png>
 [173]
File: images/10-5-2.png Graphic file (type bmp)
<images/10-5-2.png>


LaTeX Warning: `!h' float specifier changed to `!ht'.

[174]
File: images/10-5-3.png Graphic file (type bmp)
<images/10-5-3.png>

Overfull \hbox (16.13536pt too wide) in paragraph at lines 5440--5441
 [][] 
 []

[175]
File: images/10-5-4.png Graphic file (type bmp)
<images/10-5-4.png>
 [176]
File: images/10-5-5.png Graphic file (type bmp)
<images/10-5-5.png>

Overfull \hbox (54.78146pt too wide) in paragraph at lines 5487--5488
 [][] 
 []

[177]
File: images/10-6-1.png Graphic file (type bmp)
<images/10-6-1.png>
File: images/10-6-2.png Graphic file (type bmp)
<images/10-6-2.png>


LaTeX Warning: `!h' float specifier changed to `!ht'.

[178]
File: images/10-6-3.png Graphic file (type bmp)
<images/10-6-3.png>


LaTeX Warning: `!h' float specifier changed to `!ht'.

[179] [180] [181] [182]
File: images/10-6-4.png Graphic file (type bmp)
<images/10-6-4.png>
 [183]
File: images/10-7-1.png Graphic file (type bmp)
<images/10-7-1.png>
 [184]
File: images/10-7-2.png Graphic file (type bmp)
<images/10-7-2.png>
 [185]
File: images/10-7-3.png Graphic file (type bmp)
<images/10-7-3.png>

Overfull \hbox (18.24333pt too wide) in paragraph at lines 5766--5767
 [][] 
 []

File: images/10-7-4.png Graphic file (type bmp)
<images/10-7-4.png>

Overfull \hbox (41.43098pt too wide) in paragraph at lines 5779--5780
 [][] 
 []


LaTeX Warning: `!h' float specifier changed to `!ht'.

File: images/10-7-5.png Graphic file (type bmp)
<images/10-7-5.png>

LaTeX Warning: `!h' float specifier changed to `!ht'.

[186] [187]
File: images/10-7-6.png Graphic file (type bmp)
<images/10-7-6.png>
 [188]
Overfull \hbox (29.3856pt too wide) in paragraph at lines 5878--5878
[]\TU/lmr/bx/n/17.28 Week 10.8 - Virtual Private Networks (VPNs) 
 []

[189]
File: images/10-8-1.png Graphic file (type bmp)
<images/10-8-1.png>
File: images/10-8-2.png Graphic file (type bmp)
<images/10-8-2.png>


LaTeX Warning: `!h' float specifier changed to `!ht'.

[190]
File: images/10-8-3.png Graphic file (type bmp)
<images/10-8-3.png>
File: images/10-8-4.png Graphic file (type bmp)
<images/10-8-4.png>
 [191]
File: images/10-8-5.png Graphic file (type bmp)
<images/10-8-5.png>

Overfull \hbox (52.6735pt too wide) in paragraph at lines 5970--5971
 [][] 
 []

File: images/10-8-6.png Graphic file (type bmp)
<images/10-8-6.png>
[192]
File: images/10-8-7.png Graphic file (type bmp)
<images/10-8-7.png>

Overfull \hbox (45.64693pt too wide) in paragraph at lines 6016--6017
 [][] 
 []


LaTeX Warning: `!h' float specifier changed to `!ht'.

[193]
Overfull \hbox (1.73746pt too wide) in paragraph at lines 6038--6038
[]\TU/lmr/bx/n/14.4 Week 10.9 - Distributed Denial of Servive (DDOS) 
 []

[194]
File: images/10-9-1.png Graphic file (type bmp)
<images/10-9-1.png>

Overfull \hbox (4.05742pt too wide) in paragraph at lines 6086--6087
[]\TU/lmr/m/n/12 Akamai(\TU/FandolSong-Regular(0)/m/n/12 阿 卡 迈 科 技\TU/lmr/m/n/1
2 ) Q3-12 reports DDOS against US banks peak-
 []

[195] [196]
File: images/10-9-2.png Graphic file (type bmp)
<images/10-9-2.png>
File: images/10-9-3.png Graphic file (type bmp)
<images/10-9-3.png>
 [197]
File: images/10-9-4.png Graphic file (type bmp)
<images/10-9-4.png>
File: images/10-9-5.png Graphic file (type bmp)
<images/10-9-5.png>
 [198]
File: images/10-9-6.png Graphic file (type bmp)
<images/10-9-6.png>
Package atveryend Info: Empty hook `BeforeClearDocument' on input line 6228.
 [199]
Package atveryend Info: Empty hook `AfterLastShipout' on input line 6228.
 (./ComputerNetwork2.aux)
Package atveryend Info: Empty hook `AtVeryEndDocument' on input line 6228.
Package atveryend Info: Executing hook `AtEndAfterFileList' on input line 6228.

Package rerunfilecheck Info: File `ComputerNetwork2.out' has not changed.
(rerunfilecheck)             Checksum: 4CC4DFAADD4E6829DB08CA251590D470.
Package atveryend Info: Empty hook `AtVeryVeryEnd' on input line 6228.
 ) 
Here is how much of TeX's memory you used:
 29050 strings out of 492916
 574739 string characters out of 6133346
 814804 words of memory out of 5000000
 32580 multiletter control sequences out of 15000+600000
 540216 words of font info for 76 fonts, out of 8000000 for 9000
 1348 hyphenation exceptions out of 8191
 56i,16n,97p,409b,499s stack positions out of 5000i,500n,10000p,200000b,80000s

Output written on ComputerNetwork2.pdf (199 pages).
